2023-12-19 09:37:58,928 [INFO] Activator:177 - 


2023-12-19 09:37:58,931 [INFO] Activator:178 - !SESSION log4j initialized
2023-12-19 09:43:31,274 [INFO] McuFinderGlobals:39 - Set McuFinder mode to 2 (CubeIDE integrated)
2023-12-19 09:43:31,545 [INFO] ApplicationProperties:181 - Using Application install path: C:\ST\STM32CubeIDE_1.7.0\STM32CubeIDE\plugins\com.st.stm32cube.common.mx_6.3.0.202107141111
2023-12-19 09:43:31,555 [INFO] DbMcusXml:74 - Set database path to: C:\ST\STM32CubeIDE_1.7.0\STM32CubeIDE\plugins\com.st.stm32cube.common.mx_6.3.0.202107141111\\db\/mcu/
2023-12-19 09:43:31,557 [INFO] DbBoardsPdsc:56 - Set plugin database path to: C:\ST\STM32CubeIDE_1.7.0\STM32CubeIDE\plugins\com.st.stm32cube.common.mx_6.3.0.202107141111\\db\/plugins/boardmanager/
2023-12-19 09:43:31,557 [INFO] DbMcus:258 - Set plugin images path to: C:\ST\STM32CubeIDE_1.7.0\STM32CubeIDE\plugins\com.st.stm32cube.common.mx_6.3.0.202107141111\\db\/plugins/mcufinder/images/
2023-12-19 09:43:31,557 [INFO] DbBoards:264 - Set plugin images path to: C:\ST\STM32CubeIDE_1.7.0\STM32CubeIDE\plugins\com.st.stm32cube.common.mx_6.3.0.202107141111\\db\/plugins/mcufinder/images/
2023-12-19 09:43:31,559 [INFO] DbExamples:333 - Set plugin images path to: C:\ST\STM32CubeIDE_1.7.0\STM32CubeIDE\plugins\com.st.stm32cube.common.mx_6.3.0.202107141111\\db\/plugins/mcufinder/images/
2023-12-19 09:43:31,569 [INFO] DbMcusAds:119 - Set database path to: C:\Users\ASUS TUF\.stmcufinder\plugins\mcufinder//mcu/
2023-12-19 09:43:31,570 [INFO] DbMcusDocs:110 - Set database path to: C:\Users\ASUS TUF\.stmcufinder\plugins\mcufinder//mcu/
2023-12-19 09:43:31,572 [INFO] DbMcusJson:64 - Set database path to: C:\Users\ASUS TUF\.stmcufinder\plugins\mcufinder//mcu/
2023-12-19 09:43:31,573 [INFO] DbBoardsDocs:110 - Set database path to: C:\Users\ASUS TUF\.stmcufinder\plugins\mcufinder//mcu/
2023-12-19 09:43:31,573 [INFO] DbBoardsJson:57 - Set database path to: C:\Users\ASUS TUF\.stmcufinder\plugins\mcufinder//mcu/
2023-12-19 09:43:32,224 [INFO] CrossReferenceDbSqlite:196 - Set database path to: C:\Users\ASUS TUF\.stmcufinder\plugins\mcufinder//mcu/cs/
2023-12-19 09:43:32,236 [INFO] DbExamplesSqlite:767 - Set database path to: C:\Users\ASUS TUF\.stmcufinder\plugins\mcufinder//mcu/
2023-12-19 09:43:32,322 [INFO] RulesReader:57 - Compatibility file has been processed (242 Rules)
2023-12-19 09:43:32,390 [INFO] DbMcusXml:74 - Set database path to: C:\ST\STM32CubeIDE_1.7.0\STM32CubeIDE\plugins\com.st.stm32cube.common.mx_6.3.0.202107141111\\db\/mcu/
2023-12-19 09:43:32,391 [INFO] DbBoardsPdsc:56 - Set plugin database path to: C:\ST\STM32CubeIDE_1.7.0\STM32CubeIDE\plugins\com.st.stm32cube.common.mx_6.3.0.202107141111\\db\/plugins/boardmanager/
2023-12-19 09:43:32,391 [INFO] DbMcus:258 - Set plugin images path to: C:\ST\STM32CubeIDE_1.7.0\STM32CubeIDE\plugins\com.st.stm32cube.common.mx_6.3.0.202107141111\\db\/plugins/mcufinder/images/
2023-12-19 09:43:32,391 [INFO] DbBoards:264 - Set plugin images path to: C:\ST\STM32CubeIDE_1.7.0\STM32CubeIDE\plugins\com.st.stm32cube.common.mx_6.3.0.202107141111\\db\/plugins/mcufinder/images/
2023-12-19 09:43:32,391 [INFO] DbExamples:333 - Set plugin images path to: C:\ST\STM32CubeIDE_1.7.0\STM32CubeIDE\plugins\com.st.stm32cube.common.mx_6.3.0.202107141111\\db\/plugins/mcufinder/images/
2023-12-19 09:43:32,391 [WARN] DbFile:35 - Overriding database path with different value: C:\Users\ASUS TUF\.stmcufinder\plugins\mcufinder/ => C:\Users\ASUS TUF\.stmcufinder\plugins\mcufinder
2023-12-19 09:43:32,391 [INFO] DbMcusAds:119 - Set database path to: C:\Users\ASUS TUF\.stmcufinder\plugins\mcufinder//mcu/
2023-12-19 09:43:32,392 [WARN] DbFile:35 - Overriding database path with different value: C:\Users\ASUS TUF\.stmcufinder\plugins\mcufinder/ => C:\Users\ASUS TUF\.stmcufinder\plugins\mcufinder
2023-12-19 09:43:32,392 [INFO] DbMcusDocs:110 - Set database path to: C:\Users\ASUS TUF\.stmcufinder\plugins\mcufinder//mcu/
2023-12-19 09:43:32,392 [WARN] DbFile:35 - Overriding database path with different value: C:\Users\ASUS TUF\.stmcufinder\plugins\mcufinder/ => C:\Users\ASUS TUF\.stmcufinder\plugins\mcufinder
2023-12-19 09:43:32,392 [INFO] DbMcusJson:64 - Set database path to: C:\Users\ASUS TUF\.stmcufinder\plugins\mcufinder//mcu/
2023-12-19 09:43:32,392 [WARN] DbFile:35 - Overriding database path with different value: C:\Users\ASUS TUF\.stmcufinder\plugins\mcufinder/ => C:\Users\ASUS TUF\.stmcufinder\plugins\mcufinder
2023-12-19 09:43:32,392 [INFO] DbBoardsDocs:110 - Set database path to: C:\Users\ASUS TUF\.stmcufinder\plugins\mcufinder//mcu/
2023-12-19 09:43:32,392 [WARN] DbFile:35 - Overriding database path with different value: C:\Users\ASUS TUF\.stmcufinder\plugins\mcufinder/ => C:\Users\ASUS TUF\.stmcufinder\plugins\mcufinder
2023-12-19 09:43:32,392 [INFO] DbBoardsJson:57 - Set database path to: C:\Users\ASUS TUF\.stmcufinder\plugins\mcufinder//mcu/
2023-12-19 09:43:32,392 [WARN] DbFile:35 - Overriding database path with different value: C:\Users\ASUS TUF\.stmcufinder\plugins\mcufinder/ => C:\Users\ASUS TUF\.stmcufinder\plugins\mcufinder
2023-12-19 09:43:32,392 [WARN] DbFile:35 - Overriding database path with different value: C:\Users\ASUS TUF\.stmcufinder\plugins\mcufinder/ => C:\Users\ASUS TUF\.stmcufinder\plugins\mcufinder
2023-12-19 09:43:33,229 [INFO] CrossReferenceDbSqlite:196 - Set database path to: C:\Users\ASUS TUF\.stmcufinder\plugins\mcufinder//mcu/cs/
2023-12-19 09:43:33,229 [WARN] DbFile:35 - Overriding database path with different value: C:\Users\ASUS TUF\.stmcufinder\plugins\mcufinder/ => C:\Users\ASUS TUF\.stmcufinder\plugins\mcufinder
2023-12-19 09:43:33,230 [INFO] DbExamplesSqlite:767 - Set database path to: C:\Users\ASUS TUF\.stmcufinder\plugins\mcufinder//mcu/
2023-12-19 09:43:33,329 [INFO] MainPanel:214 - HeapMemory: 787480576
2023-12-19 09:43:33,417 [INFO] DbMcusXml:74 - Set database path to: C:\ST\STM32CubeIDE_1.7.0\STM32CubeIDE\plugins\com.st.stm32cube.common.mx_6.3.0.202107141111\\db\/mcu/
2023-12-19 09:43:33,417 [INFO] DbBoardsPdsc:56 - Set plugin database path to: C:\ST\STM32CubeIDE_1.7.0\STM32CubeIDE\plugins\com.st.stm32cube.common.mx_6.3.0.202107141111\\db\/plugins/boardmanager/
2023-12-19 09:43:33,417 [INFO] DbMcus:258 - Set plugin images path to: C:\ST\STM32CubeIDE_1.7.0\STM32CubeIDE\plugins\com.st.stm32cube.common.mx_6.3.0.202107141111\\db\/plugins/mcufinder/images/
2023-12-19 09:43:33,417 [INFO] DbBoards:264 - Set plugin images path to: C:\ST\STM32CubeIDE_1.7.0\STM32CubeIDE\plugins\com.st.stm32cube.common.mx_6.3.0.202107141111\\db\/plugins/mcufinder/images/
2023-12-19 09:43:33,418 [INFO] DbExamples:333 - Set plugin images path to: C:\ST\STM32CubeIDE_1.7.0\STM32CubeIDE\plugins\com.st.stm32cube.common.mx_6.3.0.202107141111\\db\/plugins/mcufinder/images/
2023-12-19 09:43:33,418 [WARN] DbFile:35 - Overriding database path with different value: C:\Users\ASUS TUF\.stmcufinder\plugins\mcufinder/ => C:\Users\ASUS TUF\.stmcufinder\plugins\mcufinder
2023-12-19 09:43:33,418 [INFO] DbMcusAds:119 - Set database path to: C:\Users\ASUS TUF\.stmcufinder\plugins\mcufinder//mcu/
2023-12-19 09:43:33,418 [WARN] DbFile:35 - Overriding database path with different value: C:\Users\ASUS TUF\.stmcufinder\plugins\mcufinder/ => C:\Users\ASUS TUF\.stmcufinder\plugins\mcufinder
2023-12-19 09:43:33,418 [INFO] DbMcusDocs:110 - Set database path to: C:\Users\ASUS TUF\.stmcufinder\plugins\mcufinder//mcu/
2023-12-19 09:43:33,418 [WARN] DbFile:35 - Overriding database path with different value: C:\Users\ASUS TUF\.stmcufinder\plugins\mcufinder/ => C:\Users\ASUS TUF\.stmcufinder\plugins\mcufinder
2023-12-19 09:43:33,418 [INFO] DbMcusJson:64 - Set database path to: C:\Users\ASUS TUF\.stmcufinder\plugins\mcufinder//mcu/
2023-12-19 09:43:33,418 [WARN] DbFile:35 - Overriding database path with different value: C:\Users\ASUS TUF\.stmcufinder\plugins\mcufinder/ => C:\Users\ASUS TUF\.stmcufinder\plugins\mcufinder
2023-12-19 09:43:33,418 [INFO] DbBoardsDocs:110 - Set database path to: C:\Users\ASUS TUF\.stmcufinder\plugins\mcufinder//mcu/
2023-12-19 09:43:33,418 [WARN] DbFile:35 - Overriding database path with different value: C:\Users\ASUS TUF\.stmcufinder\plugins\mcufinder/ => C:\Users\ASUS TUF\.stmcufinder\plugins\mcufinder
2023-12-19 09:43:33,418 [INFO] DbBoardsJson:57 - Set database path to: C:\Users\ASUS TUF\.stmcufinder\plugins\mcufinder//mcu/
2023-12-19 09:43:33,418 [WARN] DbFile:35 - Overriding database path with different value: C:\Users\ASUS TUF\.stmcufinder\plugins\mcufinder/ => C:\Users\ASUS TUF\.stmcufinder\plugins\mcufinder
2023-12-19 09:43:33,418 [WARN] DbFile:35 - Overriding database path with different value: C:\Users\ASUS TUF\.stmcufinder\plugins\mcufinder/ => C:\Users\ASUS TUF\.stmcufinder\plugins\mcufinder
2023-12-19 09:43:34,216 [INFO] CrossReferenceDbSqlite:196 - Set database path to: C:\Users\ASUS TUF\.stmcufinder\plugins\mcufinder//mcu/cs/
2023-12-19 09:43:34,217 [WARN] DbFile:35 - Overriding database path with different value: C:\Users\ASUS TUF\.stmcufinder\plugins\mcufinder/ => C:\Users\ASUS TUF\.stmcufinder\plugins\mcufinder
2023-12-19 09:43:34,217 [INFO] DbExamplesSqlite:767 - Set database path to: C:\Users\ASUS TUF\.stmcufinder\plugins\mcufinder//mcu/
2023-12-19 09:43:34,255 [INFO] ApplicationProperties:181 - Using Application install path: C:\ST\STM32CubeIDE_1.7.0\STM32CubeIDE\plugins\com.st.stm32cube.common.mx_6.3.0.202107141111
2023-12-19 09:43:34,257 [INFO] PluginManage:188 - Search for loadable plugins [exclusion list=, ]
2023-12-19 09:43:34,259 [INFO] PluginManage:302 - Check plugin analytics
2023-12-19 09:43:35,279 [INFO] AnalyticsPlugin:257 - Accepted Software Licenses: 
2023-12-19 09:43:35,280 [INFO] AnalyticsPlugin:259 - Accepted CMSIS Pack Licenses: 
2023-12-19 09:43:35,280 [INFO] AnalyticsPlugin:261 - Accepted Firmware Licenses: 
2023-12-19 09:43:35,280 [INFO] PluginManage:352 - Loaded plugin analytics (category:tool,tabindex:-1)
2023-12-19 09:43:35,280 [INFO] PluginManage:302 - Check plugin clock
2023-12-19 09:43:35,298 [INFO] PluginManage:352 - Loaded plugin clock (category:base,tabindex:2)
2023-12-19 09:43:35,298 [INFO] PluginManage:302 - Check plugin ddr
2023-12-19 09:43:35,303 [INFO] PluginManage:352 - Loaded plugin ddr (category:tool,tabindex:6)
2023-12-19 09:43:35,303 [INFO] PluginManage:302 - Check plugin filemanager
2023-12-19 09:43:35,419 [INFO] PluginManage:352 - Loaded plugin filemanager (category:base,tabindex:10)
2023-12-19 09:43:35,419 [INFO] PluginManage:302 - Check plugin ipmanager
2023-12-19 09:43:35,425 [INFO] PluginManage:352 - Loaded plugin ipmanager (category:base,tabindex:5)
2023-12-19 09:43:35,425 [INFO] PluginManage:302 - Check plugin pinoutandconfiguration
2023-12-19 09:43:35,439 [INFO] PluginManage:352 - Loaded plugin pinoutandconfiguration (category:base,tabindex:1)
2023-12-19 09:43:35,440 [INFO] PluginManage:302 - Check plugin pinoutconfig
2023-12-19 09:43:35,481 [INFO] PluginManage:352 - Loaded plugin pinoutconfig (category:base,tabindex:0)
2023-12-19 09:43:35,481 [INFO] PluginManage:302 - Check plugin power
2023-12-19 09:43:35,501 [INFO] PluginManage:352 - Loaded plugin power (category:power,tabindex:4)
2023-12-19 09:43:35,501 [INFO] PluginManage:302 - Check plugin projectmanager
2023-12-19 09:43:35,513 [INFO] PluginManage:352 - Loaded plugin projectmanager (category:projectmanager,tabindex:3)
2023-12-19 09:43:35,513 [INFO] PluginManage:302 - Check plugin thirdparty
2023-12-19 09:43:35,702 [WARN] IntegrityCheckThread:78 - waiting for thirdparty lock release [integrity check]
2023-12-19 09:43:35,702 [INFO] PluginManage:352 - Loaded plugin thirdparty (category:base,tabindex:-1)
2023-12-19 09:43:35,702 [INFO] PluginManage:302 - Check plugin tools
2023-12-19 09:43:35,702 [INFO] IntegrityCheckThread:80 - entering critical section [integrity check]
2023-12-19 09:43:35,702 [INFO] ThirdPartyUpdaterWithRetryManager:66 - Updater plugin not ready yet. [1/15]
2023-12-19 09:43:35,754 [INFO] PluginManage:352 - Loaded plugin tools (category:base,tabindex:7)
2023-12-19 09:43:35,754 [INFO] PluginManage:302 - Check plugin tutovideos
2023-12-19 09:43:35,973 [INFO] PluginManage:352 - Loaded plugin tutovideos (category:base,tabindex:-1)
2023-12-19 09:43:35,973 [INFO] PluginManage:302 - Check plugin updater
2023-12-19 09:43:35,984 [INFO] PluginManage:352 - Loaded plugin updater (category:base,tabindex:12)
2023-12-19 09:43:35,984 [INFO] PluginManage:275 - PluginManage : Loaded plugins [13]
2023-12-19 09:43:36,134 [INFO] PinOutPanel:1463 - setPackage(No Configuration,No Configuration)
2023-12-19 09:43:36,210 [INFO] IPUIPlugin:74 - create IPUIPlugin
2023-12-19 09:43:36,211 [INFO] PluginManager:213 - loadIPPluginJar : add adc
2023-12-19 09:43:36,247 [INFO] IPUIPlugin:74 - create IPUIPlugin
2023-12-19 09:43:36,247 [INFO] PluginManager:213 - loadIPPluginJar : add aes
2023-12-19 09:43:36,288 [INFO] IPUIPlugin:74 - create IPUIPlugin
2023-12-19 09:43:36,288 [INFO] PluginManager:213 - loadIPPluginJar : add can
2023-12-19 09:43:36,314 [INFO] IPUIPlugin:74 - create IPUIPlugin
2023-12-19 09:43:36,315 [INFO] PluginManager:213 - loadIPPluginJar : add comp
2023-12-19 09:43:36,344 [INFO] IPUIPlugin:74 - create IPUIPlugin
2023-12-19 09:43:36,344 [INFO] PluginManager:213 - loadIPPluginJar : add cryp
2023-12-19 09:43:36,397 [INFO] IPUIPlugin:74 - create IPUIPlugin
2023-12-19 09:43:36,397 [INFO] PluginManager:213 - loadIPPluginJar : add dfsdm
2023-12-19 09:43:36,410 [INFO] IPUIPlugin:74 - create IPUIPlugin
2023-12-19 09:43:36,411 [INFO] PluginManager:213 - loadIPPluginJar : add dma
2023-12-19 09:43:36,456 [INFO] IPUIPlugin:74 - create IPUIPlugin
2023-12-19 09:43:36,457 [INFO] PluginManager:213 - loadIPPluginJar : add dma3
2023-12-19 09:43:36,482 [INFO] IPUIPlugin:74 - create IPUIPlugin
2023-12-19 09:43:36,482 [INFO] PluginManager:213 - loadIPPluginJar : add fatfs
2023-12-19 09:43:36,531 [INFO] IPUIPlugin:74 - create IPUIPlugin
2023-12-19 09:43:36,531 [INFO] PluginManager:213 - loadIPPluginJar : add fmc
2023-12-19 09:43:36,545 [INFO] IPUIPlugin:74 - create IPUIPlugin
2023-12-19 09:43:36,545 [INFO] PluginManager:213 - loadIPPluginJar : add freertos
2023-12-19 09:43:36,569 [INFO] IPUIPlugin:74 - create IPUIPlugin
2023-12-19 09:43:36,570 [INFO] PluginManager:213 - loadIPPluginJar : add genericplugin
2023-12-19 09:43:36,647 [INFO] IPUIPlugin:74 - create IPUIPlugin
2023-12-19 09:43:36,647 [INFO] PluginManager:213 - loadIPPluginJar : add gfxmmu
2023-12-19 09:43:36,755 [INFO] IPUIPlugin:74 - create IPUIPlugin
2023-12-19 09:43:36,756 [INFO] PluginManager:213 - loadIPPluginJar : add gic
2023-12-19 09:43:36,780 [INFO] IPUIPlugin:74 - create IPUIPlugin
2023-12-19 09:43:36,780 [INFO] PluginManager:213 - loadIPPluginJar : add gpio
2023-12-19 09:43:36,851 [INFO] IPUIPlugin:74 - create IPUIPlugin
2023-12-19 09:43:36,851 [INFO] PluginManager:213 - loadIPPluginJar : add gtzc
2023-12-19 09:43:36,881 [INFO] IPUIPlugin:74 - create IPUIPlugin
2023-12-19 09:43:36,881 [INFO] PluginManager:213 - loadIPPluginJar : add hash
2023-12-19 09:43:36,935 [INFO] IPUIPlugin:74 - create IPUIPlugin
2023-12-19 09:43:36,936 [INFO] PluginManager:213 - loadIPPluginJar : add i2c
2023-12-19 09:43:36,977 [INFO] IPUIPlugin:74 - create IPUIPlugin
2023-12-19 09:43:36,977 [INFO] PluginManager:213 - loadIPPluginJar : add i2s
2023-12-19 09:43:36,988 [INFO] IPUIPlugin:74 - create IPUIPlugin
2023-12-19 09:43:36,988 [INFO] PluginManager:213 - loadIPPluginJar : add ipddr
2023-12-19 09:43:37,062 [INFO] IPUIPlugin:74 - create IPUIPlugin
2023-12-19 09:43:37,063 [INFO] PluginManager:213 - loadIPPluginJar : add linkedlist
2023-12-19 09:43:37,094 [INFO] IPUIPlugin:74 - create IPUIPlugin
2023-12-19 09:43:37,095 [INFO] PluginManager:213 - loadIPPluginJar : add lorawan
2023-12-19 09:43:37,127 [INFO] IPUIPlugin:74 - create IPUIPlugin
2023-12-19 09:43:37,127 [INFO] PluginManager:213 - loadIPPluginJar : add ltdc
2023-12-19 09:43:37,136 [INFO] IPUIPlugin:74 - create IPUIPlugin
2023-12-19 09:43:37,136 [INFO] PluginManager:213 - loadIPPluginJar : add mdma
2023-12-19 09:43:37,147 [INFO] IPUIPlugin:74 - create IPUIPlugin
2023-12-19 09:43:37,147 [INFO] PluginManager:213 - loadIPPluginJar : add nvic
2023-12-19 09:43:37,182 [INFO] IPUIPlugin:74 - create IPUIPlugin
2023-12-19 09:43:37,182 [INFO] PluginManager:213 - loadIPPluginJar : add opamp
2023-12-19 09:43:37,260 [INFO] IPUIPlugin:74 - create IPUIPlugin
2023-12-19 09:43:37,260 [INFO] PluginManager:213 - loadIPPluginJar : add openamp
2023-12-19 09:43:37,301 [INFO] IPUIPlugin:74 - create IPUIPlugin
2023-12-19 09:43:37,301 [INFO] PluginManager:213 - loadIPPluginJar : add pdm2pcm
2023-12-19 09:43:37,318 [INFO] IPUIPlugin:74 - create IPUIPlugin
2023-12-19 09:43:37,321 [INFO] PluginManager:213 - loadIPPluginJar : add plateformsettings
2023-12-19 09:43:37,361 [INFO] IPUIPlugin:74 - create IPUIPlugin
2023-12-19 09:43:37,361 [INFO] PluginManager:213 - loadIPPluginJar : add quadspi
2023-12-19 09:43:37,376 [INFO] IPUIPlugin:74 - create IPUIPlugin
2023-12-19 09:43:37,377 [INFO] PluginManager:213 - loadIPPluginJar : add resmgrutility
2023-12-19 09:43:37,436 [INFO] IPUIPlugin:74 - create IPUIPlugin
2023-12-19 09:43:37,436 [INFO] PluginManager:213 - loadIPPluginJar : add sai
2023-12-19 09:43:37,475 [INFO] IPUIPlugin:74 - create IPUIPlugin
2023-12-19 09:43:37,475 [INFO] PluginManager:213 - loadIPPluginJar : add spi
2023-12-19 09:43:37,526 [INFO] IPUIPlugin:74 - create IPUIPlugin
2023-12-19 09:43:37,526 [INFO] PluginManager:213 - loadIPPluginJar : add stm32_wpan
2023-12-19 09:43:37,554 [INFO] IPUIPlugin:74 - create IPUIPlugin
2023-12-19 09:43:37,554 [INFO] PluginManager:213 - loadIPPluginJar : add tim
2023-12-19 09:43:37,610 [INFO] IPUIPlugin:74 - create IPUIPlugin
2023-12-19 09:43:37,610 [INFO] PluginManager:213 - loadIPPluginJar : add touchsensing
2023-12-19 09:43:37,636 [INFO] IPUIPlugin:74 - create IPUIPlugin
2023-12-19 09:43:37,636 [INFO] PluginManager:213 - loadIPPluginJar : add tracer_emb
2023-12-19 09:43:37,664 [INFO] IPUIPlugin:74 - create IPUIPlugin
2023-12-19 09:43:37,664 [INFO] PluginManager:213 - loadIPPluginJar : add ts
2023-12-19 09:43:37,690 [INFO] IPUIPlugin:74 - create IPUIPlugin
2023-12-19 09:43:37,690 [INFO] PluginManager:213 - loadIPPluginJar : add tsc
2023-12-19 09:43:37,716 [INFO] IPUIPlugin:74 - create IPUIPlugin
2023-12-19 09:43:37,716 [INFO] PluginManager:213 - loadIPPluginJar : add ucpd
2023-12-19 09:43:37,758 [INFO] IPUIPlugin:74 - create IPUIPlugin
2023-12-19 09:43:37,758 [INFO] PluginManager:213 - loadIPPluginJar : add usart
2023-12-19 09:43:37,794 [INFO] IPUIPlugin:74 - create IPUIPlugin
2023-12-19 09:43:37,794 [INFO] PluginManager:213 - loadIPPluginJar : add usbx
2023-12-19 09:43:38,057 [FATAL] Updater:294 - Updater called before beeing initialized
2023-12-19 09:43:38,139 [FATAL] Updater:294 - Updater called before beeing initialized
2023-12-19 09:43:38,147 [INFO] DbMcusAds:47 - JSON generation date=Wed Nov 29 17:52:38 ICT 2023 (1701255158764)
2023-12-19 09:43:38,147 [FATAL] Updater:294 - Updater called before beeing initialized
2023-12-19 09:43:38,179 [WARN] DetailPanel:314 - Failed to get advertising image, set to default
2023-12-19 09:43:38,258 [FATAL] Updater:294 - Updater called before beeing initialized
2023-12-19 09:43:38,260 [FATAL] Updater:294 - Updater called before beeing initialized
2023-12-19 09:43:38,260 [FATAL] Updater:294 - Updater called before beeing initialized
2023-12-19 09:43:38,260 [WARN] DetailPanel:314 - Failed to get advertising image, set to default
2023-12-19 09:43:38,261 [FATAL] Updater:294 - Updater called before beeing initialized
2023-12-19 09:43:38,304 [ERROR] Updater:1075 - MainUpdater not yet initialized. External WinMGr cannot be set.
2023-12-19 09:43:38,313 [INFO] Updater:1012 - Updater Version found : 6.3.0
2023-12-19 09:43:38,328 [INFO] ApplicationProperties:181 - Using Application install path: C:\ST\STM32CubeIDE_1.7.0\STM32CubeIDE\plugins\com.st.stm32cube.common.mx_6.3.0.202107141111
2023-12-19 09:43:38,517 [INFO] MainUpdater:2671 - connection check result : 10
2023-12-19 09:43:38,518 [INFO] MainUpdater:265 - Updater Check For Update Now.
2023-12-19 09:43:38,518 [INFO] MicroXplorer:478 - Change Database Version : DB.6.0.30
2023-12-19 09:43:38,702 [INFO] CheckServerUpdateThread:112 - End of CheckServer Thread
2023-12-19 09:43:38,838 [ERROR] Engine:463 - C:\Users\ASUS TUF\.stm32cubemx\thirdparties\pdsc\STMicroelectronics.X-CUBE-SMBUS.2.1.0.pdsc: PDSC version is not supported
2023-12-19 09:43:38,863 [WARN] PackLoader:238 - Cannot read IP mode file for STMicroelectronics.X-CUBE-TOUCHGFX.4.23.0
2023-12-19 09:43:38,871 [INFO] MainUpdater:2671 - connection check result : 10
2023-12-19 09:43:38,889 [INFO] McuFinderGlobals:52 - Set McuFinderConnectedMode to true
2023-12-19 09:43:38,902 [WARN] PackLoader:238 - Cannot read IP mode file for STMicroelectronics.X-CUBE-AZRTOS-F7.1.1.0
2023-12-19 09:43:38,922 [ERROR] Engine:463 - C:\Users\ASUS TUF\.stm32cubemx\thirdparties\pdsc\STMicroelectronics.FP-SNS-MOTENV1.4.3.2.pdsc: PDSC version is not supported
2023-12-19 09:43:38,932 [ERROR] Engine:463 - C:\Users\ASUS TUF\.stm32cubemx\thirdparties\pdsc\STMicroelectronics.FP-SNS-FLIGHT1.5.0.2.pdsc: PDSC version is not supported
2023-12-19 09:43:38,946 [ERROR] Engine:463 - C:\Users\ASUS TUF\.stm32cubemx\thirdparties\pdsc\STMicroelectronics.X-CUBE-DISPLAY.3.0.0.pdsc: PDSC version is not supported
2023-12-19 09:43:38,963 [WARN] PackLoader:238 - Cannot read IP mode file for STMicroelectronics.X-CUBE-BLE1.7.0.0
2023-12-19 09:43:38,981 [ERROR] Engine:463 - C:\Users\ASUS TUF\.stm32cubemx\thirdparties\pdsc\emotas.I-CUBE-CANOPEN.1.3.0.pdsc: PDSC version is not supported
2023-12-19 09:43:38,993 [WARN] PackLoader:238 - Cannot read IP mode file for STMicroelectronics.X-CUBE-TOUCHGFX.4.22.0
2023-12-19 09:43:39,007 [WARN] PackLoader:238 - Cannot read IP mode file for STMicroelectronics.X-CUBE-TOUCHGFX.4.22.1
2023-12-19 09:43:39,028 [ERROR] Engine:463 - C:\Users\ASUS TUF\.stm32cubemx\thirdparties\pdsc\STMicroelectronics.FP-SNS-SMARTAG2.1.2.0.pdsc: PDSC version is not supported
2023-12-19 09:43:39,050 [INFO] LogOutputStream:76 - [STDOUT_REDIRECT] 1 : Invalid condition id : UX_CORESTACK_Condition cause : null
2023-12-19 09:43:39,051 [INFO] LogOutputStream:76 - [STDOUT_REDIRECT] 1 : Invalid condition id : UX_CORESTACK_Condition cause : null
2023-12-19 09:43:39,052 [INFO] LogOutputStream:76 - [STDOUT_REDIRECT] 1 : Invalid condition id : UX_CORESTACK_Condition cause : null
2023-12-19 09:43:39,052 [INFO] LogOutputStream:76 - [STDOUT_REDIRECT] 1 : Invalid condition id : UX_CORESTACK_Condition cause : null
2023-12-19 09:43:39,053 [INFO] LogOutputStream:76 - [STDOUT_REDIRECT] 1 : Invalid condition id : UX_CORESTACK_Condition cause : null
2023-12-19 09:43:39,058 [WARN] PackLoader:238 - Cannot read IP mode file for STMicroelectronics.X-CUBE-AZRTOS-WL.2.0.0
2023-12-19 09:43:39,081 [WARN] PackLoader:238 - Cannot read IP mode file for WES.I-CUBE-Cesium.1.3.0
2023-12-19 09:43:39,092 [WARN] PackLoader:238 - Cannot read IP mode file for STMicroelectronics.X-CUBE-BLE2.3.3.0
2023-12-19 09:43:39,105 [WARN] PackLoader:238 - Cannot read IP mode file for STMicroelectronics.X-CUBE-ALGOBUILD.1.3.0
2023-12-19 09:43:39,136 [WARN] PackLoader:238 - Cannot read IP mode file for STMicroelectronics.X-CUBE-AZRTOS-G0.1.1.0
2023-12-19 09:43:39,150 [WARN] PackLoader:238 - Cannot read IP mode file for STMicroelectronics.X-CUBE-NFC4.3.0.0
2023-12-19 09:43:39,158 [INFO] ServerAccessManage:362 - Download File mcusAds.json._tmp_
2023-12-19 09:43:39,165 [ERROR] Engine:463 - C:\Users\ASUS TUF\.stm32cubemx\thirdparties\pdsc\STMicroelectronics.X-CUBE-BLEMGR.3.0.0.pdsc: PDSC version is not supported
2023-12-19 09:43:39,175 [WARN] PackLoader:238 - Cannot read IP mode file for STMicroelectronics.FP-ATR-SIGFOX1.3.2.0
2023-12-19 09:43:39,241 [WARN] PackLoader:238 - Cannot read IP mode file for SEGGER.I-CUBE-embOS.1.3.1
2023-12-19 09:43:39,286 [INFO] LoadUrlFilesThread:145 - End of LoadUrlFiles Thread
2023-12-19 09:43:39,330 [WARN] PackLoader:238 - Cannot read IP mode file for STMicroelectronics.X-CUBE-GNSS1.6.0.0
2023-12-19 09:43:39,361 [WARN] PackLoader:238 - Cannot read IP mode file for STMicroelectronics.X-CUBE-AZRTOS-F4.1.1.0
2023-12-19 09:43:39,375 [WARN] PackLoader:238 - Cannot read IP mode file for wolfSSL.I-CUBE-wolfSSL.5.6.3
2023-12-19 09:43:39,405 [WARN] PackLoader:238 - Cannot read IP mode file for STMicroelectronics.X-CUBE-AZRTOS-L5.2.0.0
2023-12-19 09:43:39,482 [WARN] PackLoader:238 - Cannot read IP mode file for STMicroelectronics.X-CUBE-MEMS1.9.6.0
2023-12-19 09:43:39,674 [WARN] PackLoader:238 - Cannot read IP mode file for STMicroelectronics.X-CUBE-EEPRMA1.4.2.0
2023-12-19 09:43:39,682 [ERROR] Engine:463 - C:\Users\ASUS TUF\.stm32cubemx\thirdparties\pdsc\ITTIA_DB.I-CUBE-ITTIADB.8.8.0.pdsc: PDSC version is not supported
2023-12-19 09:43:39,696 [WARN] PackLoader:238 - Cannot read IP mode file for STMicroelectronics.X-CUBE-BLEMGR.2.0.0
2023-12-19 09:43:39,722 [WARN] ConditionMgr:437 - getConditionDescription Invalid condition id : UX DEVICE CLASS RTOS Condition cause : null
2023-12-19 09:43:39,722 [WARN] ConditionMgr:437 - getConditionDescription Invalid condition id : UX DEVICE CLASS RTOS Condition cause : null
2023-12-19 09:43:39,726 [WARN] PackLoader:238 - Cannot read IP mode file for STMicroelectronics.X-CUBE-AZRTOS-H7.3.1.0
2023-12-19 09:43:39,726 [WARN] ConditionMgr:1038 - genDependencies : Invalid condition id : UX DEVICE CLASS RTOS Condition cause : null
2023-12-19 09:43:39,727 [WARN] ConditionMgr:1038 - genDependencies : Invalid condition id : UX DEVICE CLASS RTOS Condition cause : null
2023-12-19 09:43:39,727 [WARN] ConditionMgr:1038 - genDependencies : Invalid condition id : UX DEVICE CLASS RTOS Condition cause : null
2023-12-19 09:43:39,727 [WARN] ConditionMgr:1038 - genDependencies : Invalid condition id : UX DEVICE CLASS RTOS Condition cause : null
2023-12-19 09:43:39,727 [WARN] ConditionMgr:1038 - genDependencies : Invalid condition id : UX DEVICE CLASS RTOS Condition cause : null
2023-12-19 09:43:39,738 [WARN] PackLoader:238 - Cannot read IP mode file for STMicroelectronics.X-CUBE-NFC7.1.0.1
2023-12-19 09:43:39,753 [WARN] PackLoader:238 - Cannot read IP mode file for STMicroelectronics.X-CUBE-NFC6.3.0.0
2023-12-19 09:43:39,764 [WARN] PackLoader:238 - Cannot read IP mode file for STMicroelectronics.X-CUBE-EEPRMA1.4.1.0
2023-12-19 09:43:39,773 [WARN] PackLoader:238 - Cannot read IP mode file for STMicroelectronics.X-CUBE-AI.8.1.0
2023-12-19 09:43:39,797 [WARN] ConditionMgr:437 - getConditionDescription Invalid condition id : LAN8742 Phy interface Condition cause : null
2023-12-19 09:43:39,798 [WARN] PackLoader:238 - Cannot read IP mode file for STMicroelectronics.X-CUBE-AZRTOS-L4.2.0.0
2023-12-19 09:43:39,799 [WARN] ConditionMgr:1038 - genDependencies : Invalid condition id : LAN8742 Phy interface Condition cause : null
2023-12-19 09:43:39,799 [WARN] ConditionMgr:1038 - genDependencies : Invalid condition id : LAN8742 Phy interface Condition cause : null
2023-12-19 09:43:39,799 [WARN] ConditionMgr:1038 - genDependencies : Invalid condition id : LAN8742 Phy interface Condition cause : null
2023-12-19 09:43:39,810 [WARN] PackLoader:238 - Cannot read IP mode file for STMicroelectronics.X-CUBE-SFXS2LP1.4.0.0
2023-12-19 09:43:39,818 [WARN] PackLoader:238 - Cannot read IP mode file for STMicroelectronics.X-CUBE-ISPU.1.1.0
2023-12-19 09:43:39,843 [WARN] ConditionMgr:437 - getConditionDescription Invalid condition id : UX DEVICE CLASS RTOS Condition cause : null
2023-12-19 09:43:39,843 [WARN] ConditionMgr:437 - getConditionDescription Invalid condition id : UX DEVICE CLASS RTOS Condition cause : null
2023-12-19 09:43:39,849 [WARN] PackLoader:238 - Cannot read IP mode file for STMicroelectronics.X-CUBE-AZRTOS-WB.2.0.0
2023-12-19 09:43:39,850 [WARN] ConditionMgr:1038 - genDependencies : Invalid condition id : UX DEVICE CLASS RTOS Condition cause : null
2023-12-19 09:43:39,850 [WARN] ConditionMgr:1038 - genDependencies : Invalid condition id : UX DEVICE CLASS RTOS Condition cause : null
2023-12-19 09:43:39,850 [WARN] ConditionMgr:1038 - genDependencies : Invalid condition id : UX DEVICE CLASS RTOS Condition cause : null
2023-12-19 09:43:39,851 [WARN] ConditionMgr:1038 - genDependencies : Invalid condition id : UX DEVICE CLASS RTOS Condition cause : null
2023-12-19 09:43:39,851 [WARN] ConditionMgr:1038 - genDependencies : Invalid condition id : UX DEVICE CLASS RTOS Condition cause : null
2023-12-19 09:43:39,865 [WARN] PackLoader:238 - Cannot read IP mode file for STMicroelectronics.X-CUBE-SUBG2.5.0.0
2023-12-19 09:43:39,880 [ERROR] Engine:463 - C:\Users\ASUS TUF\.stm32cubemx\thirdparties\pdsc\STMicroelectronics.X-CUBE-TOF1.3.3.1.pdsc: PDSC version is not supported
2023-12-19 09:43:39,900 [WARN] PackLoader:238 - Cannot read IP mode file for STMicroelectronics.X-CUBE-AZRTOS-G4.2.0.0
2023-12-19 09:43:39,913 [ERROR] Engine:463 - C:\Users\ASUS TUF\.stm32cubemx\thirdparties\pdsc\Infineon.AIROC-Wi-Fi-Bluetooth-STM32.1.5.1.pdsc: PDSC version is not supported
2023-12-19 09:43:39,920 [ERROR] Engine:463 - C:\Users\ASUS TUF\.stm32cubemx\thirdparties\pdsc\STMicroelectronics.FP-SNS-MOTENVWB1.1.3.0.pdsc: PDSC version is not supported
2023-12-19 09:43:39,928 [ERROR] Engine:463 - C:\Users\ASUS TUF\.stm32cubemx\thirdparties\pdsc\STMicroelectronics.FP-SNS-MOTENVWB1.1.3.1.pdsc: PDSC version is not supported
2023-12-19 09:43:39,936 [WARN] PackLoader:238 - Cannot read IP mode file for STMicroelectronics.X-CUBE-ISPU.2.0.0
2023-12-19 09:43:39,986 [WARN] PackLoader:238 - Cannot read IP mode file for STMicroelectronics.X-CUBE-MEMS1.10.0.0
2023-12-19 09:43:40,137 [INFO] ServerAccessManage:362 - Download File mcusDocs.json._tmp_
2023-12-19 09:43:40,176 [ERROR] Engine:463 - C:\Users\ASUS TUF\.stm32cubemx\thirdparties\pdsc\STMicroelectronics.X-CUBE-FREERTOS.1.1.0.pdsc: PDSC version is not supported
2023-12-19 09:43:40,187 [WARN] PackLoader:238 - Cannot read IP mode file for portGmbH.I-Cube-SoM-uGOAL.1.1.0
2023-12-19 09:43:40,199 [WARN] PackLoader:238 - Cannot read IP mode file for STMicroelectronics.X-CUBE-ALS.1.0.1
2023-12-19 09:43:40,208 [WARN] PackLoader:238 - Cannot read IP mode file for STMicroelectronics.FP-ATR-ASTRA1.2.0.0
2023-12-19 09:43:40,229 [ERROR] Engine:463 - C:\Users\ASUS TUF\.stm32cubemx\thirdparties\pdsc\STMicroelectronics.X-CUBE-TOF1.3.4.0.pdsc: PDSC version is not supported
2023-12-19 09:43:40,258 [WARN] PackLoader:238 - Cannot read IP mode file for STMicroelectronics.X-CUBE-AZRTOS-H7.3.2.0
2023-12-19 09:43:40,263 [INFO] ThirdParty:915 - Integrity check success = true
2023-12-19 09:43:40,263 [INFO] IntegrityCheckThread:94 - exiting critical section [integrity check]
2023-12-19 09:43:40,263 [INFO] IntegrityCheckThread:97 - End integrity checks thread
2023-12-19 09:43:41,038 [INFO] LoadUrlFilesThread:145 - End of LoadUrlFiles Thread
2023-12-19 09:43:41,863 [INFO] ServerAccessManage:362 - Download File mcusFeaturesAndDescription.json._tmp_
2023-12-19 09:43:43,924 [INFO] LoadUrlFilesThread:145 - End of LoadUrlFiles Thread
2023-12-19 09:43:44,288 [INFO] ServerAccessManage:362 - Download File boardsDocs.json._tmp_
2023-12-19 09:43:44,406 [INFO] LoadUrlFilesThread:145 - End of LoadUrlFiles Thread
2023-12-19 09:43:44,849 [INFO] ServerAccessManage:362 - Download File boards.json._tmp_
2023-12-19 09:43:45,232 [INFO] LoadUrlFilesThread:145 - End of LoadUrlFiles Thread
2023-12-19 09:43:45,363 [INFO] ServerAccessManage:362 - Download File cube-finder-db.zip
2023-12-19 09:43:53,787 [INFO] FileExtend:235 - Unzip File : cube-finder-db.zip
2023-12-19 09:43:53,788 [INFO] FileExtend:250 - Standard Zip Deflate
2023-12-19 09:43:54,678 [INFO] LoadUrlFilesThread:145 - End of LoadUrlFiles Thread
2023-12-19 09:43:57,732 [INFO] ServerAccessManage:362 - Download File crdb.zip
2023-12-19 09:43:59,282 [INFO] FileExtend:235 - Unzip File : crdb.zip
2023-12-19 09:43:59,282 [INFO] FileExtend:250 - Standard Zip Deflate
2023-12-19 09:43:59,421 [INFO] LoadUrlFilesThread:145 - End of LoadUrlFiles Thread
2023-12-19 09:43:59,879 [INFO] ServerAccessManage:362 - Download File tutoVideoDB.zip
2023-12-19 09:43:59,942 [INFO] FileExtend:235 - Unzip File : tutoVideoDB.zip
2023-12-19 09:43:59,943 [INFO] FileExtend:250 - Standard Zip Deflate
2023-12-19 09:44:00,076 [INFO] LoadUrlFilesThread:145 - End of LoadUrlFiles Thread
2023-12-19 09:44:00,077 [INFO] DbMcusAds:47 - JSON generation date=Wed Nov 29 17:52:27 ICT 2023 (1701255147349)
2023-12-19 09:44:00,088 [INFO] DbMcusDocs:143 - JSON generation date=Tue Nov 16 23:17:54 ICT 2021 (1637079474)
2023-12-19 09:44:00,088 [INFO] DbMcusXml:100 - Load MCU database from C:\ST\STM32CubeIDE_1.7.0\STM32CubeIDE\plugins\com.st.stm32cube.common.mx_6.3.0.202107141111\\db\/mcu/families.xml
2023-12-19 09:44:01,047 [INFO] DbMcusJson:93 - JSON generation date=Tue Nov 16 23:17:54 ICT 2021 (1637079474)
2023-12-19 09:44:01,733 [INFO] DbMcus:175 - Found 1951 MCUs (1903 are supported by CubeMX, 1914 are visible in CubeMX)
2023-12-19 09:44:01,734 [INFO] ApiDb:251 - Load user favorites file C:\Users\ASUS TUF/.stm32cubeide/favorites.mcus.txt: 0 item(s)
2023-12-19 09:44:01,734 [INFO] ApiDb:255 - User favorites MCUs=[]
2023-12-19 09:44:01,734 [INFO] DbMcus:187 - Set 0 / 0 favorites MCUs
2023-12-19 09:44:02,627 [INFO] DbMcusDocs:79 - Found 682 MCUs documents
2023-12-19 09:44:02,629 [INFO] ApiDb:276 - Save user favorites file C:\Users\ASUS TUF/.stm32cubeide/favorites.mcus.txt: 0 item(s)
2023-12-19 09:44:02,629 [INFO] ApiDb:280 - User favorites MCUs=[]
2023-12-19 09:44:02,630 [INFO] DbMcusXml:100 - Load MCU database from C:\ST\STM32CubeIDE_1.7.0\STM32CubeIDE\plugins\com.st.stm32cube.common.mx_6.3.0.202107141111\\db\/mcu/families.xml
2023-12-19 09:44:03,449 [INFO] DbMcusJson:93 - JSON generation date=Tue Nov 16 23:17:54 ICT 2021 (1637079474)
2023-12-19 09:44:04,070 [INFO] DbMcus:175 - Found 1951 MCUs (1903 are supported by CubeMX, 1914 are visible in CubeMX)
2023-12-19 09:44:04,071 [INFO] ApiDb:251 - Load user favorites file C:\Users\ASUS TUF/.stm32cubeide/favorites.mcus.txt: 0 item(s)
2023-12-19 09:44:04,071 [INFO] ApiDb:255 - User favorites MCUs=[]
2023-12-19 09:44:04,071 [INFO] DbMcus:187 - Set 0 / 0 favorites MCUs
2023-12-19 09:44:04,076 [INFO] DbBoardsDocs:143 - JSON generation date=Tue Nov 16 23:17:54 ICT 2021 (1637079474)
2023-12-19 09:44:04,093 [INFO] DbBoardsPdsc:90 - Found 25 items
2023-12-19 09:44:04,102 [INFO] DbBoardsPdsc:90 - Found 9 items
2023-12-19 09:44:04,113 [INFO] DbBoardsPdsc:90 - Found 33 items
2023-12-19 09:44:04,121 [INFO] DbBoardsPdsc:90 - Found 1 items
2023-12-19 09:44:04,134 [INFO] DbBoardsPdsc:90 - Found 48 items
2023-12-19 09:44:04,148 [INFO] DbBoardsPdsc:90 - Found 43 items
2023-12-19 09:44:04,156 [INFO] DbBoardsPdsc:90 - Found 2 items
2023-12-19 09:44:04,166 [INFO] DbBoardsPdsc:90 - Found 5 items
2023-12-19 09:44:04,170 [WARN] DbBoardsPdsc:254 - Board STM32H7B3I-DK: unknown feature type=Audio, name=, username=Audio stereo codec with Headphone Amp (CS42L51-CNZ), n=1
2023-12-19 09:44:04,171 [WARN] DbBoardsPdsc:254 - Board STM32H735G-DK: unknown feature type=Audio, name=, username=Audio stereo codec with Headphone Amp (WM8994ECS/R), n=1
2023-12-19 09:44:04,172 [WARN] DbBoardsPdsc:254 - Board STM32H7B3I-EVAL: unknown feature type=Audio, name=, username=Multi-Channel Audio Codec (CS42L51-CNZ), n=1
2023-12-19 09:44:04,172 [WARN] DbBoardsPdsc:254 - Board STM32H7B3I-EVAL: unknown feature type=Meter, name=, username=Power-metering and Temperature-monitoring with sigma-delta modulators, n=1
2023-12-19 09:44:04,172 [WARN] DbBoardsPdsc:254 - Board STM32H7B3I-EVAL: unknown feature type=Motor, name=, username=Motor Control, n=1
2023-12-19 09:44:04,173 [WARN] DbBoardsPdsc:254 - Board STM32U575I-EV: unknown feature type=joystick, name=, username=4-direction joystick with selection button, n=1
2023-12-19 09:44:04,204 [INFO] DbBoardsJson:86 - JSON generation date=Tue Nov 16 23:17:54 ICT 2021 (1637079474)
2023-12-19 09:44:04,210 [INFO] DbBoards:117 - Found 167 boards (163 are supported by CubeMX)
2023-12-19 09:44:04,212 [INFO] DbBoardsDocs:143 - JSON generation date=Tue Nov 16 23:17:54 ICT 2021 (1637079474)
2023-12-19 09:44:04,219 [INFO] DbBoardsDocs:79 - Found 209 boards documents
2023-12-19 09:44:04,220 [WARN] DbBoards:127 - board B-L475E-IOT01A2 has no document id list !
2023-12-19 09:44:04,221 [WARN] DbBoards:127 - board NUCLEO-H743ZI has no document id list !
2023-12-19 09:44:04,221 [WARN] DbBoards:127 - board NUCLEO-WL55JC2 has no document id list !
2023-12-19 09:44:04,221 [WARN] DbBoards:127 - board P-NUCLEO-WB55-Nucleo has no document id list !
2023-12-19 09:44:04,221 [WARN] DbBoards:127 - board P-NUCLEO-WB55-USBDongle has no document id list !
2023-12-19 09:44:04,222 [WARN] DbBoards:127 - board STEVAL-BFA001V1B has no document id list !
2023-12-19 09:44:04,222 [WARN] DbBoards:127 - board STEVAL-BFA001V2B has no document id list !
2023-12-19 09:44:04,222 [WARN] DbBoards:127 - board STEVAL-IDP005V1 has no document id list !
2023-12-19 09:44:04,222 [WARN] DbBoards:127 - board STEVAL-IDP005V2 has no document id list !
2023-12-19 09:44:04,222 [WARN] DbBoards:127 - board STEVAL-MKSBOX1V1 has no document id list !
2023-12-19 09:44:04,222 [WARN] DbBoards:127 - board STEVAL-STWINKT1 has no document id list !
2023-12-19 09:44:04,222 [WARN] DbBoards:127 - board STEVAL-STWINKT1B has no document id list !
2023-12-19 09:44:04,222 [WARN] DbBoards:127 - board STM32439I-EVAL2 has no document id list !
2023-12-19 09:44:04,222 [WARN] DbBoards:127 - board STM32F401C-DISCO has no document id list !
2023-12-19 09:44:04,223 [WARN] DbBoards:127 - board STM32F769I-DISC1 has no document id list !
2023-12-19 09:44:04,223 [WARN] DbBoards:127 - board STM32G474E-EVAL1 has no document id list !
2023-12-19 09:44:04,223 [WARN] DbBoards:127 - board STM32H743I-EVAL2 has no document id list !
2023-12-19 09:44:04,223 [WARN] DbBoards:127 - board STM32H747I-DISC1 has no document id list !
2023-12-19 09:44:04,223 [WARN] DbBoards:127 - board STM32H753I-EVAL2 has no document id list !
2023-12-19 09:44:04,223 [WARN] DbBoards:127 - board STM32L-DISCOVERY has no document id list !
2023-12-19 09:44:04,353 [ERROR] DbBoards:189 - Image file not found for board B-U585I-IOT02A: C:\ST\STM32CubeIDE_1.7.0\STM32CubeIDE\plugins\com.st.stm32cube.common.mx_6.3.0.202107141111\\db\/plugins/mcufinder/images/boards/B-U585I-IOT02A_small.jpg
2023-12-19 09:44:04,456 [ERROR] DbBoards:189 - Image file not found for board NUCLEO-F413ZH: C:\ST\STM32CubeIDE_1.7.0\STM32CubeIDE\plugins\com.st.stm32cube.common.mx_6.3.0.202107141111\\db\/plugins/mcufinder/images/boards/nucleo-f413zh_small.jpg
2023-12-19 09:44:04,668 [ERROR] DbBoards:189 - Image file not found for board NUCLEO-L552ZE-Q: C:\ST\STM32CubeIDE_1.7.0\STM32CubeIDE\plugins\com.st.stm32cube.common.mx_6.3.0.202107141111\\db\/plugins/mcufinder/images/boards/nucleo_l552ze_q_small.jpg
2023-12-19 09:44:04,669 [ERROR] DbBoards:189 - Image file not found for board NUCLEO-U575ZI-Q: C:\ST\STM32CubeIDE_1.7.0\STM32CubeIDE\plugins\com.st.stm32cube.common.mx_6.3.0.202107141111\\db\/plugins/mcufinder/images/boards/nucleo-u575zi-q_small.jpg
2023-12-19 09:44:04,669 [ERROR] DbBoards:189 - Image file not found for board NUCLEO-WB15CC: C:\ST\STM32CubeIDE_1.7.0\STM32CubeIDE\plugins\com.st.stm32cube.common.mx_6.3.0.202107141111\\db\/plugins/mcufinder/images/boards/nucleo-wb15cc_small.jpg
2023-12-19 09:44:04,669 [ERROR] DbBoards:189 - Image file not found for board NUCLEO-WB55RG: C:\ST\STM32CubeIDE_1.7.0\STM32CubeIDE\plugins\com.st.stm32cube.common.mx_6.3.0.202107141111\\db\/plugins/mcufinder/images/boards/nucleo-wb55rg_small.jpg
2023-12-19 09:44:05,726 [INFO] ApiDb:251 - Load user favorites file C:\Users\ASUS TUF/.stm32cubeide/favorites.boards.txt: 0 item(s)
2023-12-19 09:44:05,726 [INFO] ApiDb:255 - User favorites Boards=[]
2023-12-19 09:44:05,726 [INFO] DbBoards:206 - Set 0 / 0 favorites Boards
2023-12-19 09:44:05,728 [INFO] DbBoardsDocs:79 - Found 418 boards documents
2023-12-19 09:44:05,729 [INFO] ApiDb:276 - Save user favorites file C:\Users\ASUS TUF/.stm32cubeide/favorites.boards.txt: 0 item(s)
2023-12-19 09:44:05,729 [INFO] ApiDb:280 - User favorites Boards=[]
2023-12-19 09:44:05,732 [INFO] DbBoardsPdsc:90 - Found 25 items
2023-12-19 09:44:05,733 [INFO] DbBoardsPdsc:90 - Found 9 items
2023-12-19 09:44:05,736 [INFO] DbBoardsPdsc:90 - Found 33 items
2023-12-19 09:44:05,737 [INFO] DbBoardsPdsc:90 - Found 1 items
2023-12-19 09:44:05,741 [INFO] DbBoardsPdsc:90 - Found 48 items
2023-12-19 09:44:05,746 [INFO] DbBoardsPdsc:90 - Found 43 items
2023-12-19 09:44:05,748 [INFO] DbBoardsPdsc:90 - Found 2 items
2023-12-19 09:44:05,749 [INFO] DbBoardsPdsc:90 - Found 5 items
2023-12-19 09:44:05,751 [WARN] DbBoardsPdsc:254 - Board STM32H7B3I-DK: unknown feature type=Audio, name=, username=Audio stereo codec with Headphone Amp (CS42L51-CNZ), n=1
2023-12-19 09:44:05,751 [WARN] DbBoardsPdsc:254 - Board STM32H735G-DK: unknown feature type=Audio, name=, username=Audio stereo codec with Headphone Amp (WM8994ECS/R), n=1
2023-12-19 09:44:05,763 [WARN] DbBoardsPdsc:254 - Board STM32H7B3I-EVAL: unknown feature type=Audio, name=, username=Multi-Channel Audio Codec (CS42L51-CNZ), n=1
2023-12-19 09:44:05,763 [WARN] DbBoardsPdsc:254 - Board STM32H7B3I-EVAL: unknown feature type=Meter, name=, username=Power-metering and Temperature-monitoring with sigma-delta modulators, n=1
2023-12-19 09:44:05,763 [WARN] DbBoardsPdsc:254 - Board STM32H7B3I-EVAL: unknown feature type=Motor, name=, username=Motor Control, n=1
2023-12-19 09:44:05,764 [WARN] DbBoardsPdsc:254 - Board STM32U575I-EV: unknown feature type=joystick, name=, username=4-direction joystick with selection button, n=1
2023-12-19 09:44:05,777 [INFO] DbBoardsJson:86 - JSON generation date=Tue Nov 16 23:17:54 ICT 2021 (1637079474)
2023-12-19 09:44:05,782 [INFO] DbBoards:117 - Found 167 boards (163 are supported by CubeMX)
2023-12-19 09:44:05,782 [WARN] DbBoards:127 - board B-L475E-IOT01A2 has no document id list !
2023-12-19 09:44:05,783 [WARN] DbBoards:127 - board NUCLEO-H743ZI has no document id list !
2023-12-19 09:44:05,784 [WARN] DbBoards:127 - board NUCLEO-WL55JC2 has no document id list !
2023-12-19 09:44:05,784 [WARN] DbBoards:127 - board P-NUCLEO-WB55-Nucleo has no document id list !
2023-12-19 09:44:05,784 [WARN] DbBoards:127 - board P-NUCLEO-WB55-USBDongle has no document id list !
2023-12-19 09:44:05,784 [WARN] DbBoards:127 - board STEVAL-BFA001V1B has no document id list !
2023-12-19 09:44:05,784 [WARN] DbBoards:127 - board STEVAL-BFA001V2B has no document id list !
2023-12-19 09:44:05,784 [WARN] DbBoards:127 - board STEVAL-IDP005V1 has no document id list !
2023-12-19 09:44:05,784 [WARN] DbBoards:127 - board STEVAL-IDP005V2 has no document id list !
2023-12-19 09:44:05,784 [WARN] DbBoards:127 - board STEVAL-MKSBOX1V1 has no document id list !
2023-12-19 09:44:05,784 [WARN] DbBoards:127 - board STEVAL-STWINKT1 has no document id list !
2023-12-19 09:44:05,784 [WARN] DbBoards:127 - board STEVAL-STWINKT1B has no document id list !
2023-12-19 09:44:05,784 [WARN] DbBoards:127 - board STM32439I-EVAL2 has no document id list !
2023-12-19 09:44:05,784 [WARN] DbBoards:127 - board STM32F401C-DISCO has no document id list !
2023-12-19 09:44:05,784 [WARN] DbBoards:127 - board STM32F769I-DISC1 has no document id list !
2023-12-19 09:44:05,784 [WARN] DbBoards:127 - board STM32G474E-EVAL1 has no document id list !
2023-12-19 09:44:05,784 [WARN] DbBoards:127 - board STM32H743I-EVAL2 has no document id list !
2023-12-19 09:44:05,784 [WARN] DbBoards:127 - board STM32H747I-DISC1 has no document id list !
2023-12-19 09:44:05,785 [WARN] DbBoards:127 - board STM32H753I-EVAL2 has no document id list !
2023-12-19 09:44:05,785 [WARN] DbBoards:127 - board STM32L-DISCOVERY has no document id list !
2023-12-19 09:44:05,850 [ERROR] DbBoards:189 - Image file not found for board B-U585I-IOT02A: C:\ST\STM32CubeIDE_1.7.0\STM32CubeIDE\plugins\com.st.stm32cube.common.mx_6.3.0.202107141111\\db\/plugins/mcufinder/images/boards/B-U585I-IOT02A_small.jpg
2023-12-19 09:44:05,923 [ERROR] DbBoards:189 - Image file not found for board NUCLEO-F413ZH: C:\ST\STM32CubeIDE_1.7.0\STM32CubeIDE\plugins\com.st.stm32cube.common.mx_6.3.0.202107141111\\db\/plugins/mcufinder/images/boards/nucleo-f413zh_small.jpg
2023-12-19 09:44:06,079 [ERROR] DbBoards:189 - Image file not found for board NUCLEO-L552ZE-Q: C:\ST\STM32CubeIDE_1.7.0\STM32CubeIDE\plugins\com.st.stm32cube.common.mx_6.3.0.202107141111\\db\/plugins/mcufinder/images/boards/nucleo_l552ze_q_small.jpg
2023-12-19 09:44:06,079 [ERROR] DbBoards:189 - Image file not found for board NUCLEO-U575ZI-Q: C:\ST\STM32CubeIDE_1.7.0\STM32CubeIDE\plugins\com.st.stm32cube.common.mx_6.3.0.202107141111\\db\/plugins/mcufinder/images/boards/nucleo-u575zi-q_small.jpg
2023-12-19 09:44:06,079 [ERROR] DbBoards:189 - Image file not found for board NUCLEO-WB15CC: C:\ST\STM32CubeIDE_1.7.0\STM32CubeIDE\plugins\com.st.stm32cube.common.mx_6.3.0.202107141111\\db\/plugins/mcufinder/images/boards/nucleo-wb15cc_small.jpg
2023-12-19 09:44:06,079 [ERROR] DbBoards:189 - Image file not found for board NUCLEO-WB55RG: C:\ST\STM32CubeIDE_1.7.0\STM32CubeIDE\plugins\com.st.stm32cube.common.mx_6.3.0.202107141111\\db\/plugins/mcufinder/images/boards/nucleo-wb55rg_small.jpg
2023-12-19 09:44:06,735 [INFO] ApiDb:251 - Load user favorites file C:\Users\ASUS TUF/.stm32cubeide/favorites.boards.txt: 0 item(s)
2023-12-19 09:44:06,736 [INFO] ApiDb:255 - User favorites Boards=[]
2023-12-19 09:44:06,736 [INFO] DbBoards:206 - Set 0 / 0 favorites Boards
2023-12-19 09:44:06,743 [INFO] LoadUrlFilesThread:172 - End of LoadServerUrlFiles without Thread
2023-12-19 09:44:06,744 [INFO] TargetSelectorAdapter:224 - Refresh data is successful
2023-12-19 09:44:07,109 [INFO] ApiDb:479 - Connected to CubeFinder SQLite database (C:\Users\ASUS TUF\.stmcufinder\plugins\mcufinder\mcu\cube-finder-db.db)
2023-12-19 09:44:07,986 [ERROR] DbExamplesSqlite:446 - Missing JSON key: board_cpn
2023-12-19 09:44:07,987 [ERROR] DbExamplesSqlite:446 - Missing JSON key: board_cpn
2023-12-19 09:44:07,987 [ERROR] DbExamplesSqlite:446 - Missing JSON key: board_cpn
2023-12-19 09:44:07,988 [ERROR] DbExamplesSqlite:446 - Missing JSON key: board_cpn
2023-12-19 09:44:08,041 [INFO] DbExamplesSqlite:411 - Ignored 55 examples not supported by CubeIDE
2023-12-19 09:44:08,041 [INFO] DbExamplesSqlite:412 - Found 7548 examples active
2023-12-19 09:44:08,042 [INFO] DbExamplesSqlite:413 - Found 848 examples obsolete
2023-12-19 09:44:08,042 [INFO] DbExamplesSqlite:414 - Found 0 examples under development
2023-12-19 09:44:08,042 [INFO] DbExamplesSqlite:415 - Found 8 examples not building
2023-12-19 09:44:08,100 [INFO] DbExamplesSqlite:108 - CubeFinder database Data Model version=2.1
2023-12-19 09:44:08,100 [INFO] DbExamplesSqlite:109 - CubeFinder database Configuration version=3.0.39
2023-12-19 09:44:08,100 [INFO] DbExamplesSqlite:110 - CubeFinder database generation date=2023-11-06 (1699269565)
2023-12-19 09:44:08,100 [INFO] DbExamplesSqlite:111 - CubeFinder database FW Pack versions=[FP-ATR-ASTRA1_V2.0.0, FP-SNS-FLIGHT1_V5.0.1, FP-SNS-FLIGHT1_V5.0.2, FP-SNS-MOTENV1_V4.3.1, FP-SNS-MOTENV1_V4.3.2, FP-SNS-MOTENVWB1_V1.3.0, FP-SNS-SMARTAG2_V1.2.0, STM32Cube_FW_C0_V1.1.0, STM32Cube_FW_F4_V1.28.0, STM32Cube_FW_F7_V1.17.0, STM32Cube_FW_G0_V1.6.1, STM32Cube_FW_G4_V1.5.1, STM32Cube_FW_H5_V0.5.1, STM32Cube_FW_H5_V1.1.1, STM32Cube_FW_H5_V1.2.0RC2, STM32Cube_FW_H7_V1.11.0, STM32Cube_FW_L0_V1.12.2, STM32Cube_FW_L5_V1.5.0, STM32Cube_FW_U5_V1.3.0RC4, STM32Cube_FW_U5_V1.4.0, STM32Cube_FW_WBA_V1.0.0RC1, STM32Cube_FW_WBA_V1.1.0RC1, STM32Cube_FW_WBA_V1.2.0, STM32Cube_FW_WBA_V1.2.0RC2, STM32Cube_FW_WB_V1.15.0RC1, STM32Cube_FW_WB_V1.16.0, STM32Cube_FW_WB_V1.16.0RC2, STM32Cube_FW_WB_V1.18.0, STM32Cube_FW_WL_V1.3.0, X-CUBE-ALGOBUILD_V1.3.0, X-CUBE-ALS_V1.0.1, X-CUBE-AZRTOS-F4_V1.1.0, X-CUBE-AZRTOS-F7_V1.1.0, X-CUBE-AZRTOS-G0_V1.1.0, X-CUBE-AZRTOS-G4_V2.0.0, X-CUBE-AZRTOS-H7_V3.1.0, X-CUBE-AZRTOS-L4_V1.0.0, X-CUBE-AZRTOS-L4_V2.0.0, X-CUBE-AZRTOS-L5_V1.1.0, X-CUBE-AZRTOS-WB_V2.0.0, X-CUBE-AZRTOS-WL_V2.0.0, X-CUBE-BLE1_V7.0.0, X-CUBE-BLE2_V3.3.0, X-CUBE-BLEMGR_V2.0.0, X-CUBE-EEPRMA1_V4.1.0, X-CUBE-EEPRMA1_V4.2.0, X-CUBE-FREERTOS_V1.1.0, X-CUBE-GNSS1_V6.0.0, X-CUBE-MEMS1_V10.0.0, X-CUBE-MEMS1_V9.1.0, X-CUBE-MEMS1_V9.4.0, X-CUBE-MEMS1_V9.6.0, X-CUBE-NFC4_V3.0.0, X-CUBE-NFC7_V1.0.1, X-CUBE-SFXS2LP1_V4.0.0, X-CUBE-SUBG2_V5.0.0, X-CUBE-TOF1_V3.3.1]
2023-12-19 09:44:08,103 [INFO] DbExamples:130 - Found 7501 examples
2023-12-19 09:44:08,786 [ERROR] DbExamples:206 - Found 7501 examples with invalid data (board or MCU)
2023-12-19 09:44:08,787 [INFO] DbExamples:222 - Found 79 boards with related examples
2023-12-19 09:44:08,787 [INFO] DbExamples:235 - Found 0 MCUs with related examples
2023-12-19 09:44:08,806 [INFO] ApiDb:251 - Load user favorites file C:\Users\ASUS TUF/.stm32cubeide/favorites.examples.txt: 0 item(s)
2023-12-19 09:44:08,806 [INFO] ApiDb:255 - User favorites Examples=[]
2023-12-19 09:44:08,806 [INFO] DbExamples:256 - Set 0 / 0 favorites Examples
2023-12-19 09:44:09,034 [INFO] McuFinderGlobals:52 - Set McuFinderConnectedMode to false
2023-12-19 09:44:09,129 [INFO] CrossSelectorPresenter:1330 - Cross Selector saved comparison directory: C:\Users\ASUS TUF\.stmcufinder\plugins\mcufinder\mcu\cs_comparisons_mx
2023-12-19 09:44:09,133 [INFO] MultiScanPanel:197 - Auto-refresh data requested => check proxy status ongoing
2023-12-19 09:44:09,133 [INFO] MultiScanPanel:201 - Proxy status is invalid
2023-12-19 09:44:09,137 [INFO] FinderPluginLoader:87 - Searching for filters in installed packs
2023-12-19 09:44:09,563 [INFO] DetailPanel:309 - Set advertising image to C:/Users/ASUS TUF/STM32Cube/Repository/\en.prom-stm32wl3-mcu-finder.jpg
2023-12-19 09:45:39,691 [INFO] MainUpdater:2671 - connection check result : 10
2023-12-19 09:45:39,691 [INFO] MainUpdater:2671 - connection check result : 10
2023-12-19 09:45:39,736 [INFO] MicroXplorer:448 - Change Database Path : 
2023-12-19 09:45:39,736 [INFO] MicroXplorer:478 - Change Database Version : DB.6.0.30
2023-12-19 09:45:39,737 [WARN] ThirdParty:813 - waiting for thirdparty lock release [close project]
2023-12-19 09:45:39,737 [INFO] ThirdParty:815 - entering critical section [close project]
2023-12-19 09:45:39,738 [INFO] ThirdParty:825 - exiting critical section [close project]
2023-12-19 09:45:39,743 [INFO] PinOutPanel:1463 - setPackage(No Configuration,No Configuration)
2023-12-19 09:45:39,745 [INFO] UtilMem:74 - Begin LoadConfig() Used Memory: 838625400 Bytes (1061158912)
2023-12-19 09:45:39,746 [INFO] MicroXplorer:448 - Change Database Path : 
2023-12-19 09:45:39,746 [INFO] MicroXplorer:478 - Change Database Version : DB.6.0.30
2023-12-19 09:45:39,746 [INFO] OpenFileManager:313 - Change cursor
2023-12-19 09:45:40,473 [INFO] Context:592 - Trying to add GPIOservice into a context  which must be forbidden
2023-12-19 09:45:40,692 [INFO] ImportTextPane:167 - (OptionalMessage_ERROR) Unable to find key (Mcu.ThirdPartyNb) in loaded IOC file
2023-12-19 09:45:40,693 [INFO] ImportTextPane:167 - (OptionalMessage_ERROR) Unable to find key (Mcu.PinsNb) in loaded IOC file
2023-12-19 09:45:40,693 [INFO] ImportTextPane:167 - (OptionalMessage_ERROR) Unable to find key (Mcu.IPNb) in loaded IOC file
2023-12-19 09:45:40,728 [WARN] ApiManager:304 - Cannot register API 'Board Extension:GNSS1A1' from pack STMicroelectronics.X-CUBE-GNSS1.6.0.0: no header file found
2023-12-19 09:45:40,728 [WARN] ApiManager:304 - Cannot register API 'Board Support:Custom' from pack STMicroelectronics.X-CUBE-GNSS1.6.0.0: no header file found
2023-12-19 09:45:40,728 [WARN] ApiManager:304 - Cannot register API 'Data Exchange:lib_gnss' from pack STMicroelectronics.X-CUBE-GNSS1.6.0.0: no header file found
2023-12-19 09:45:40,928 [WARN] ApiManager:304 - Cannot register API 'Board Extension:IKS01A3' from pack STMicroelectronics.X-CUBE-MEMS1.9.6.0: no header file found
2023-12-19 09:45:40,928 [WARN] ApiManager:304 - Cannot register API 'Board Extension:IKS01A2' from pack STMicroelectronics.X-CUBE-MEMS1.9.6.0: no header file found
2023-12-19 09:45:40,929 [WARN] ApiManager:304 - Cannot register API 'Board Extension:IKS02A1' from pack STMicroelectronics.X-CUBE-MEMS1.9.6.0: no header file found
2023-12-19 09:45:40,935 [WARN] ApiManager:304 - Cannot register API 'Board Extension:EEPRMA2' from pack STMicroelectronics.X-CUBE-EEPRMA1.4.2.0: no header file found
2023-12-19 09:45:40,935 [WARN] ApiManager:304 - Cannot register API 'Board Extension:PGEEZ1' from pack STMicroelectronics.X-CUBE-EEPRMA1.4.2.0: no header file found
2023-12-19 09:45:40,935 [WARN] ApiManager:304 - Cannot register API 'Board Part:M24' from pack STMicroelectronics.X-CUBE-EEPRMA1.4.2.0: no header file found
2023-12-19 09:45:40,935 [WARN] ApiManager:304 - Cannot register API 'Board Part:M95' from pack STMicroelectronics.X-CUBE-EEPRMA1.4.2.0: no header file found
2023-12-19 09:45:40,935 [WARN] ApiManager:304 - Cannot register API 'Board Part:M95P32' from pack STMicroelectronics.X-CUBE-EEPRMA1.4.2.0: no header file found
2023-12-19 09:45:40,935 [WARN] ApiManager:304 - Cannot register API 'PGEEZ1:SPI' from pack STMicroelectronics.X-CUBE-EEPRMA1.4.2.0: no header file found
2023-12-19 09:45:40,935 [WARN] ApiManager:304 - Cannot register API 'PGEEZ1:QDSPI' from pack STMicroelectronics.X-CUBE-EEPRMA1.4.2.0: no header file found
2023-12-19 09:45:40,936 [INFO] RtosManager:484 - Registered RTOS mode: class=CMSIS, group=RTOS, mode=CMSIS_V1, owner=FREERTOS
2023-12-19 09:45:40,937 [INFO] RtosManager:484 - Registered RTOS mode: class=CMSIS, group=RTOS2, mode=CMSIS_V2, owner=FREERTOS
2023-12-19 09:45:40,937 [INFO] RtosManager:484 - Registered RTOS mode: class=RTOS, group=Core, mode=CMSIS_V1, owner=FREERTOS
2023-12-19 09:45:40,937 [INFO] RtosManager:484 - Registered RTOS mode: class=RTOS, group=Core, mode=CMSIS_V2, owner=FREERTOS
2023-12-19 09:45:40,937 [WARN] ModelIntegratedComponent:181 - Missing modes for component STMicroelectronics:FreeRTOS:0.0.1:STMicroelectronics:RTOS:FreeRTOS:Core:::10.2.0:
2023-12-19 09:45:40,939 [WARN] ApiManager:304 - Cannot register API 'Board Extension:NFC04A1' from pack STMicroelectronics.X-CUBE-NFC4.3.0.0: no header file found
2023-12-19 09:45:40,941 [WARN] ApiManager:304 - Cannot register API 'Board Extension:S2868A1' from pack STMicroelectronics.X-CUBE-SUBG2.5.0.0: no header file found
2023-12-19 09:45:40,941 [WARN] ApiManager:304 - Cannot register API 'Board Extension:S2868A2' from pack STMicroelectronics.X-CUBE-SUBG2.5.0.0: no header file found
2023-12-19 09:45:40,941 [WARN] ApiManager:304 - Cannot register API 'Board Extension:S2915A1' from pack STMicroelectronics.X-CUBE-SUBG2.5.0.0: no header file found
2023-12-19 09:45:40,944 [WARN] ApiManager:304 - Cannot register API 'Wireless:BlueNRG-MS' from pack STMicroelectronics.X-CUBE-BLE1.7.0.0: no header file found
2023-12-19 09:45:40,946 [WARN] ModelIntegratedComponent:60 - No mode defined for component null
2023-12-19 09:45:40,946 [WARN] ModelIntegratedComponent:60 - No mode defined for component null
2023-12-19 09:45:40,946 [WARN] ModelIntegratedComponent:60 - No mode defined for component null
2023-12-19 09:45:40,946 [WARN] ModelIntegratedComponent:60 - No mode defined for component null
2023-12-19 09:45:40,946 [WARN] ModelIntegratedComponent:60 - No mode defined for component null
2023-12-19 09:45:40,946 [WARN] ModelIntegratedComponent:60 - No mode defined for component null
2023-12-19 09:45:40,946 [WARN] ModelIntegratedComponent:60 - No mode defined for component null
2023-12-19 09:45:40,946 [WARN] ModelIntegratedComponent:60 - No mode defined for component null
2023-12-19 09:45:40,946 [WARN] ModelIntegratedComponent:60 - No mode defined for component null
2023-12-19 09:45:40,947 [WARN] ModelIntegratedComponent:60 - No mode defined for component null
2023-12-19 09:45:40,947 [WARN] ModelIntegratedComponent:60 - No mode defined for component null
2023-12-19 09:45:40,947 [WARN] ModelIntegratedComponent:60 - No mode defined for component null
2023-12-19 09:45:40,947 [WARN] ModelIntegratedComponent:60 - No mode defined for component null
2023-12-19 09:45:40,947 [WARN] ModelIntegratedComponent:60 - No mode defined for component null
2023-12-19 09:45:40,947 [WARN] ModelIntegratedComponent:60 - No mode defined for component null
2023-12-19 09:45:40,947 [WARN] ModelIntegratedComponent:60 - No mode defined for component null
2023-12-19 09:45:40,947 [WARN] ModelIntegratedComponent:60 - No mode defined for component null
2023-12-19 09:45:40,947 [WARN] ModelIntegratedComponent:60 - No mode defined for component null
2023-12-19 09:45:40,947 [WARN] ModelIntegratedComponent:60 - No mode defined for component null
2023-12-19 09:45:40,947 [WARN] ModelIntegratedComponent:60 - No mode defined for component null
2023-12-19 09:45:40,947 [WARN] ModelIntegratedComponent:60 - No mode defined for component null
2023-12-19 09:45:40,947 [WARN] ModelIntegratedComponent:60 - No mode defined for component null
2023-12-19 09:45:40,947 [WARN] ModelIntegratedComponent:60 - No mode defined for component null
2023-12-19 09:45:40,947 [WARN] ModelIntegratedComponent:60 - No mode defined for component null
2023-12-19 09:45:40,948 [WARN] ModelIntegratedComponent:60 - No mode defined for component null
2023-12-19 09:45:40,948 [WARN] ModelIntegratedComponent:60 - No mode defined for component null
2023-12-19 09:45:40,948 [WARN] ModelIntegratedComponent:60 - No mode defined for component null
2023-12-19 09:45:40,948 [WARN] ModelIntegratedComponent:60 - No mode defined for component null
2023-12-19 09:45:40,948 [WARN] ModelIntegratedComponent:60 - No mode defined for component null
2023-12-19 09:45:40,948 [WARN] ModelIntegratedComponent:60 - No mode defined for component null
2023-12-19 09:45:40,948 [WARN] ModelIntegratedComponent:60 - No mode defined for component null
2023-12-19 09:45:41,095 [WARN] ApiManager:304 - Cannot register API 'Board Extension:IKS01A3' from pack STMicroelectronics.X-CUBE-MEMS1.10.0.0: no header file found
2023-12-19 09:45:41,095 [WARN] ApiManager:304 - Cannot register API 'Board Extension:IKS02A1' from pack STMicroelectronics.X-CUBE-MEMS1.10.0.0: no header file found
2023-12-19 09:45:41,095 [WARN] ApiManager:304 - Cannot register API 'Board Extension:IKS4A1' from pack STMicroelectronics.X-CUBE-MEMS1.10.0.0: no header file found
2023-12-19 09:45:41,100 [WARN] ApiManager:304 - Cannot register API 'Board Extension:NFC07A1' from pack STMicroelectronics.X-CUBE-NFC7.1.0.1: no header file found
2023-12-19 09:45:41,101 [WARN] ApiManager:304 - Cannot register API 'Board Extension:NFC06A1' from pack STMicroelectronics.X-CUBE-NFC6.3.0.0: no header file found
2023-12-19 09:45:41,101 [WARN] ApiManager:304 - Cannot register API 'Board Extension:NFC08A1' from pack STMicroelectronics.X-CUBE-NFC6.3.0.0: no header file found
2023-12-19 09:45:41,101 [WARN] ApiManager:304 - Cannot register API 'Board Extension:EEPRMA1' from pack STMicroelectronics.X-CUBE-EEPRMA1.4.1.0: no header file found
2023-12-19 09:45:41,101 [WARN] ApiManager:304 - Cannot register API 'Board Extension:EEPRMA2' from pack STMicroelectronics.X-CUBE-EEPRMA1.4.1.0: no header file found
2023-12-19 09:45:41,101 [WARN] ApiManager:304 - Cannot register API 'Board Extension:PGEEZ1' from pack STMicroelectronics.X-CUBE-EEPRMA1.4.1.0: no header file found
2023-12-19 09:45:41,101 [WARN] ApiManager:304 - Cannot register API 'Board Part:M24' from pack STMicroelectronics.X-CUBE-EEPRMA1.4.1.0: no header file found
2023-12-19 09:45:41,102 [WARN] ApiManager:304 - Cannot register API 'Board Part:M95' from pack STMicroelectronics.X-CUBE-EEPRMA1.4.1.0: no header file found
2023-12-19 09:45:41,102 [WARN] ApiManager:304 - Cannot register API 'Board Part:M95P32' from pack STMicroelectronics.X-CUBE-EEPRMA1.4.1.0: no header file found
2023-12-19 09:45:41,102 [WARN] ApiManager:304 - Cannot register API 'PGEEZ1:SPI' from pack STMicroelectronics.X-CUBE-EEPRMA1.4.1.0: no header file found
2023-12-19 09:45:41,102 [WARN] ApiManager:304 - Cannot register API 'PGEEZ1:QDSPI' from pack STMicroelectronics.X-CUBE-EEPRMA1.4.1.0: no header file found
2023-12-19 09:45:41,107 [WARN] ApiManager:304 - Cannot register API 'Board Extension:S2868A1' from pack STMicroelectronics.X-CUBE-SFXS2LP1.4.0.0: no header file found
2023-12-19 09:45:41,108 [WARN] ApiManager:304 - Cannot register API 'Board Extension:S2868A2' from pack STMicroelectronics.X-CUBE-SFXS2LP1.4.0.0: no header file found
2023-12-19 09:45:41,108 [WARN] ApiManager:304 - Cannot register API 'Board Extension:S2915A1' from pack STMicroelectronics.X-CUBE-SFXS2LP1.4.0.0: no header file found
2023-12-19 09:45:41,108 [WARN] ApiManager:304 - Cannot register API 'Wireless:BlueNRG-2' from pack STMicroelectronics.X-CUBE-BLE2.3.3.0: no header file found
2023-12-19 09:45:44,965 [INFO] UtilMem:74 - End LoadConfig() Used Memory: 905167952 Bytes (1061158912)
2023-12-19 09:45:44,982 [WARN] ThirdParty:779 - waiting for thirdparty lock release [change project]
2023-12-19 09:45:44,983 [INFO] ThirdParty:781 - entering critical section [change project]
2023-12-19 09:45:44,983 [INFO] ThirdParty:967 - CMSIS Pack Vendor :STMicroelectronics X-CUBE-ISPU 1.1.0
2023-12-19 09:45:44,983 [INFO] ThirdParty:967 - CMSIS Pack Vendor :STMicroelectronics X-CUBE-GNSS1 6.0.0
2023-12-19 09:45:44,983 [INFO] ThirdParty:967 - CMSIS Pack Vendor :STMicroelectronics USB_HOST 2.0.0
2023-12-19 09:45:44,983 [INFO] ThirdParty:967 - CMSIS Pack Vendor :STMicroelectronics X-CUBE-AZRTOS-F4 1.1.0
2023-12-19 09:45:44,983 [INFO] ThirdParty:967 - CMSIS Pack Vendor :wolfSSL I-CUBE-wolfSSL 5.6.3
2023-12-19 09:45:44,983 [INFO] ThirdParty:967 - CMSIS Pack Vendor :STMicroelectronics USB_DEVICE 3.0.0
2023-12-19 09:45:44,983 [INFO] ThirdParty:967 - CMSIS Pack Vendor :STMicroelectronics X-CUBE-AZRTOS-WB 2.0.0
2023-12-19 09:45:44,983 [INFO] ThirdParty:967 - CMSIS Pack Vendor :STMicroelectronics X-CUBE-TOUCHGFX 4.23.0
2023-12-19 09:45:44,983 [INFO] ThirdParty:967 - CMSIS Pack Vendor :STMicroelectronics X-CUBE-AZRTOS-F7 1.1.0
2023-12-19 09:45:44,983 [INFO] ThirdParty:967 - CMSIS Pack Vendor :STMicroelectronics X-CUBE-AZRTOS-L5 2.0.0
2023-12-19 09:45:44,983 [INFO] ThirdParty:967 - CMSIS Pack Vendor :STMicroelectronics USB_DEVICE 2.0.0
2023-12-19 09:45:44,983 [INFO] ThirdParty:967 - CMSIS Pack Vendor :STMicroelectronics X-CUBE-MEMS1 9.6.0
2023-12-19 09:45:44,983 [INFO] ThirdParty:967 - CMSIS Pack Vendor :STMicroelectronics X-CUBE-EEPRMA1 4.2.0
2023-12-19 09:45:44,983 [INFO] ThirdParty:967 - CMSIS Pack Vendor :STMicroelectronics X-CUBE-ALGOBUILD 1.3.0
2023-12-19 09:45:44,983 [INFO] ThirdParty:967 - CMSIS Pack Vendor :STMicroelectronics FreeRTOS 0.0.1
2023-12-19 09:45:44,983 [INFO] ThirdParty:967 - CMSIS Pack Vendor :STMicroelectronics X-CUBE-AZRTOS-G0 1.1.0
2023-12-19 09:45:44,984 [INFO] ThirdParty:967 - CMSIS Pack Vendor :STMicroelectronics X-CUBE-BLEMGR 2.0.0
2023-12-19 09:45:44,984 [INFO] ThirdParty:967 - CMSIS Pack Vendor :STMicroelectronics X-CUBE-NFC4 3.0.0
2023-12-19 09:45:44,984 [INFO] ThirdParty:967 - CMSIS Pack Vendor :STMicroelectronics X-CUBE-SUBG2 5.0.0
2023-12-19 09:45:44,984 [INFO] ThirdParty:967 - CMSIS Pack Vendor :STMicroelectronics lwIP 2.0.3
2023-12-19 09:45:44,984 [INFO] ThirdParty:967 - CMSIS Pack Vendor :STMicroelectronics USB_HOST 1.0.0
2023-12-19 09:45:44,984 [INFO] ThirdParty:967 - CMSIS Pack Vendor :STMicroelectronics X-CUBE-AZRTOS-G4 2.0.0
2023-12-19 09:45:44,984 [INFO] ThirdParty:967 - CMSIS Pack Vendor :STMicroelectronics PDM2PCM 3.1.0
2023-12-19 09:45:44,984 [INFO] ThirdParty:967 - CMSIS Pack Vendor :STMicroelectronics X-CUBE-AZRTOS-H7 3.1.0
2023-12-19 09:45:44,984 [INFO] ThirdParty:967 - CMSIS Pack Vendor :STMicroelectronics PDM2PCM 3.3.0
2023-12-19 09:45:44,984 [INFO] ThirdParty:967 - CMSIS Pack Vendor :STMicroelectronics X-CUBE-BLE1 7.0.0
2023-12-19 09:45:44,984 [INFO] ThirdParty:967 - CMSIS Pack Vendor :STMicroelectronics FP-ATR-SIGFOX1 3.2.0
2023-12-19 09:45:44,984 [INFO] ThirdParty:967 - CMSIS Pack Vendor :STMicroelectronics X-CUBE-ISPU 2.0.0
2023-12-19 09:45:44,984 [INFO] ThirdParty:967 - CMSIS Pack Vendor :STMicroelectronics HAL Drivers 0.0.0
2023-12-19 09:45:44,984 [INFO] ThirdParty:967 - CMSIS Pack Vendor :STMicroelectronics MBEDTLS 2.16.2
2023-12-19 09:45:44,984 [INFO] ThirdParty:967 - CMSIS Pack Vendor :STMicroelectronics X-CUBE-MEMS1 10.0.0
2023-12-19 09:45:44,984 [INFO] ThirdParty:967 - CMSIS Pack Vendor :STMicroelectronics X-CUBE-TOUCHGFX 4.22.0
2023-12-19 09:45:44,984 [INFO] ThirdParty:967 - CMSIS Pack Vendor :STMicroelectronics X-CUBE-NFC7 1.0.1
2023-12-19 09:45:44,984 [INFO] ThirdParty:967 - CMSIS Pack Vendor :STMicroelectronics MBEDTLS 2.14.1
2023-12-19 09:45:44,984 [INFO] ThirdParty:967 - CMSIS Pack Vendor :STMicroelectronics X-CUBE-TOUCHGFX 4.22.1
2023-12-19 09:45:44,984 [INFO] ThirdParty:967 - CMSIS Pack Vendor :STMicroelectronics X-CUBE-NFC6 3.0.0
2023-12-19 09:45:44,984 [INFO] ThirdParty:967 - CMSIS Pack Vendor :STMicroelectronics X-CUBE-EEPRMA1 4.1.0
2023-12-19 09:45:44,984 [INFO] ThirdParty:967 - CMSIS Pack Vendor :portGmbH I-Cube-SoM-uGOAL 1.1.0
2023-12-19 09:45:44,984 [INFO] ThirdParty:967 - CMSIS Pack Vendor :STMicroelectronics X-CUBE-ALS 1.0.1
2023-12-19 09:45:44,985 [INFO] ThirdParty:967 - CMSIS Pack Vendor :STMicroelectronics X-CUBE-AZRTOS-WL 2.0.0
2023-12-19 09:45:44,985 [INFO] ThirdParty:967 - CMSIS Pack Vendor :SEGGER I-CUBE-embOS 1.3.1
2023-12-19 09:45:44,985 [INFO] ThirdParty:967 - CMSIS Pack Vendor :STMicroelectronics USB_DEVICE 1.0.0
2023-12-19 09:45:44,985 [INFO] ThirdParty:967 - CMSIS Pack Vendor :STMicroelectronics X-CUBE-AI 8.1.0
2023-12-19 09:45:44,985 [INFO] ThirdParty:967 - CMSIS Pack Vendor :STMicroelectronics X-CUBE-AZRTOS-L4 2.0.0
2023-12-19 09:45:44,985 [INFO] ThirdParty:967 - CMSIS Pack Vendor :STMicroelectronics ThreadX 0.0.2
2023-12-19 09:45:44,985 [INFO] ThirdParty:967 - CMSIS Pack Vendor :WES I-CUBE-Cesium 1.3.0
2023-12-19 09:45:44,985 [INFO] ThirdParty:967 - CMSIS Pack Vendor :STMicroelectronics FP-ATR-ASTRA1 2.0.0
2023-12-19 09:45:44,985 [INFO] ThirdParty:967 - CMSIS Pack Vendor :STMicroelectronics lwIP 2.1.2
2023-12-19 09:45:44,985 [INFO] ThirdParty:967 - CMSIS Pack Vendor :STMicroelectronics X-CUBE-SFXS2LP1 4.0.0
2023-12-19 09:45:44,985 [INFO] ThirdParty:967 - CMSIS Pack Vendor :STMicroelectronics X-CUBE-BLE2 3.3.0
2023-12-19 09:45:44,985 [INFO] ThirdParty:967 - CMSIS Pack Vendor :STMicroelectronics X-CUBE-AZRTOS-H7 3.2.0
2023-12-19 09:45:44,985 [INFO] ThirdParty:967 - CMSIS Pack Vendor :STMicroelectronics PDM2PCM 3.2.0
2023-12-19 09:45:44,985 [INFO] ThirdParty:787 - exiting critical section [change project]
2023-12-19 09:45:45,217 [INFO] PinOutPanel:1463 - setPackage(No Configuration,No Configuration)
2023-12-19 09:45:45,218 [INFO] PinOutPanel:1463 - setPackage(STM32F103C6Tx,LQFP48)
2023-12-19 09:45:45,527 [INFO] UtilMem:74 - Before build in PCC Used Memory: 821917880 Bytes (1061158912)
2023-12-19 09:45:46,046 [INFO] UtilMem:74 - After build in PCC Used Memory: 900561080 Bytes (1061158912)
2023-12-19 09:45:46,060 [INFO] IPUIPlugin:74 - create IPUIPlugin
2023-12-19 09:45:46,061 [INFO] IPUIPlugin:74 - create IPUIPlugin
2023-12-19 09:45:46,061 [INFO] IPUIPlugin:74 - create IPUIPlugin
2023-12-19 09:45:46,061 [INFO] IPUIPlugin:74 - create IPUIPlugin
2023-12-19 09:45:46,061 [INFO] IPUIPlugin:74 - create IPUIPlugin
2023-12-19 09:45:46,061 [INFO] IPUIPlugin:74 - create IPUIPlugin
2023-12-19 09:45:46,061 [INFO] IPUIPlugin:74 - create IPUIPlugin
2023-12-19 09:45:46,061 [INFO] IPUIPlugin:74 - create IPUIPlugin
2023-12-19 09:45:46,061 [INFO] IPUIPlugin:74 - create IPUIPlugin
2023-12-19 09:45:46,062 [INFO] IPUIPlugin:74 - create IPUIPlugin
2023-12-19 09:45:46,062 [INFO] IPUIPlugin:74 - create IPUIPlugin
2023-12-19 09:45:46,062 [INFO] IPUIPlugin:74 - create IPUIPlugin
2023-12-19 09:45:46,062 [INFO] IPUIPlugin:74 - create IPUIPlugin
2023-12-19 09:45:46,062 [INFO] IPUIPlugin:74 - create IPUIPlugin
2023-12-19 09:45:46,062 [INFO] IPUIPlugin:74 - create IPUIPlugin
2023-12-19 09:45:46,062 [INFO] IPUIPlugin:74 - create IPUIPlugin
2023-12-19 09:45:46,062 [INFO] IPUIPlugin:74 - create IPUIPlugin
2023-12-19 09:45:46,062 [INFO] IPUIPlugin:74 - create IPUIPlugin
2023-12-19 09:45:46,062 [INFO] IPUIPlugin:74 - create IPUIPlugin
2023-12-19 09:45:46,064 [INFO] IPUIPlugin:74 - create IPUIPlugin
2023-12-19 09:45:46,064 [INFO] IPUIPlugin:74 - create IPUIPlugin
2023-12-19 09:45:46,064 [INFO] IPUIPlugin:74 - create IPUIPlugin
2023-12-19 09:45:46,065 [INFO] IPUIPlugin:74 - create IPUIPlugin
2023-12-19 09:45:46,156 [INFO] OpenFileManager:333 - Restore cursor
2023-12-19 09:45:46,359 [INFO] UtilMem:74 - End SaveConfig() Used Memory: 844355776 Bytes (1061158912)
2023-12-19 09:45:46,401 [INFO] UtilMem:74 - End SaveConfig() Used Memory: 856713720 Bytes (1061158912)
2023-12-19 09:45:46,655 [INFO] BlockDiagram:2740 - set Specific Code input for plugin: NVIC
2023-12-19 09:45:46,655 [INFO] BlockDiagram:2740 - set Specific Code input for plugin: SYS
2023-12-19 09:45:46,656 [INFO] BlockDiagram:2740 - set Specific Code input for plugin: RCC
2023-12-19 09:45:46,656 [INFO] CodeGenerator:663 - code generatio: config db path: C:\ST\STM32CubeIDE_1.7.0\STM32CubeIDE\plugins\com.st.stm32cube.common.mx_6.3.0.202107141111\\db\
2023-12-19 09:45:46,892 [INFO] CodeEngine:239 - oldGeneratedFile, D:\BACH KHOA\Semester 5\Vi Xu Ly\LAB5-2114026\STM32Code\LAB5\MXTmpFiles\license.tmp_save
2023-12-19 09:45:47,223 [INFO] CodeEngine:257 - Generated code: D:\BACH KHOA\Semester 5\Vi Xu Ly\LAB5-2114026\STM32Code\LAB5\MXTmpFiles\license.tmp
2023-12-19 09:45:47,306 [INFO] CodeEngine:239 - oldGeneratedFile, D:\BACH KHOA\Semester 5\Vi Xu Ly\LAB5-2114026\STM32Code\LAB5\Core\Src\stm32f1xx_it.c_save
2023-12-19 09:45:47,413 [INFO] CodeEngine:257 - Generated code: D:\BACH KHOA\Semester 5\Vi Xu Ly\LAB5-2114026\STM32Code\LAB5\Core\Src\stm32f1xx_it.c
2023-12-19 09:45:47,415 [INFO] CodeEngine:239 - oldGeneratedFile, D:\BACH KHOA\Semester 5\Vi Xu Ly\LAB5-2114026\STM32Code\LAB5\Core\Inc\stm32f1xx_it.h_save
2023-12-19 09:45:47,486 [INFO] CodeEngine:257 - Generated code: D:\BACH KHOA\Semester 5\Vi Xu Ly\LAB5-2114026\STM32Code\LAB5\Core\Inc\stm32f1xx_it.h
2023-12-19 09:45:47,493 [INFO] CodeEngine:239 - oldGeneratedFile, D:\BACH KHOA\Semester 5\Vi Xu Ly\LAB5-2114026\STM32Code\LAB5\Core\Src\stm32f1xx_hal_msp.c_save
2023-12-19 09:45:47,579 [INFO] CodeEngine:257 - Generated code: D:\BACH KHOA\Semester 5\Vi Xu Ly\LAB5-2114026\STM32Code\LAB5\Core\Src\stm32f1xx_hal_msp.c
2023-12-19 09:45:47,580 [INFO] CodeEngine:239 - oldGeneratedFile, D:\BACH KHOA\Semester 5\Vi Xu Ly\LAB5-2114026\STM32Code\LAB5\MXTmpFiles\system.tmp_save
2023-12-19 09:45:47,626 [INFO] CodeEngine:257 - Generated code: D:\BACH KHOA\Semester 5\Vi Xu Ly\LAB5-2114026\STM32Code\LAB5\MXTmpFiles\system.tmp
2023-12-19 09:45:47,631 [INFO] CodeEngine:239 - oldGeneratedFile, D:\BACH KHOA\Semester 5\Vi Xu Ly\LAB5-2114026\STM32Code\LAB5\Core\Inc\stm32f1xx_hal_conf.h_save
2023-12-19 09:45:47,706 [INFO] CodeEngine:257 - Generated code: D:\BACH KHOA\Semester 5\Vi Xu Ly\LAB5-2114026\STM32Code\LAB5\Core\Inc\stm32f1xx_hal_conf.h
2023-12-19 09:45:47,734 [INFO] CodeEngine:239 - oldGeneratedFile, D:\BACH KHOA\Semester 5\Vi Xu Ly\LAB5-2114026\STM32Code\LAB5\Core\Inc\main.h_save
2023-12-19 09:45:47,802 [INFO] CodeEngine:257 - Generated code: D:\BACH KHOA\Semester 5\Vi Xu Ly\LAB5-2114026\STM32Code\LAB5\Core\Inc\main.h
2023-12-19 09:45:47,804 [INFO] CodeEngine:239 - oldGeneratedFile, D:\BACH KHOA\Semester 5\Vi Xu Ly\LAB5-2114026\STM32Code\LAB5\Core\Src\main.c_save
2023-12-19 09:45:47,904 [INFO] CodeEngine:257 - Generated code: D:\BACH KHOA\Semester 5\Vi Xu Ly\LAB5-2114026\STM32Code\LAB5\Core\Src\main.c
2023-12-19 09:45:49,185 [INFO] ProjectBuilder:2578 - Time for Copy HAL[1] : 53mS.
2023-12-19 09:45:49,189 [INFO] ProjectBuilder:3622 - Project Generator version: 3.14.1
2023-12-19 09:45:49,554 [INFO] ConfigFileManager:1271 - The Die is : DIE412
2023-12-19 09:45:49,574 [INFO] ApiDbMcu:468 - Load IP Config File for FATFS
2023-12-19 09:45:49,601 [INFO] ApiDbMcu:468 - Load IP Config File for FREERTOS
2023-12-19 09:45:49,625 [INFO] ApiDbMcu:468 - Load IP Config File for USB_DEVICE
2023-12-19 09:45:53,241 [INFO] ProjectBuilder:3789 - Time for Generating toolchain IDE Files: 4052mS.
2023-12-19 09:45:53,241 [INFO] ProjectBuilder:2457 - Time for Copy CMSIS : 0mS.
2023-12-19 09:45:53,242 [INFO] ProjectBuilder:2457 - Time for Copy CMSIS : 0mS.
2023-12-19 09:45:53,873 [INFO] McuFinderGlobals:52 - Set McuFinderConnectedMode to true
2023-12-19 09:45:53,875 [INFO] ApiDb:276 - Save user favorites file C:\Users\ASUS TUF/.stm32cubeide/favorites.mcus.txt: 0 item(s)
2023-12-19 09:45:53,875 [INFO] ApiDb:280 - User favorites MCUs=[]
2023-12-19 09:47:00,442 [INFO] NvicIntPanel:96 - NVIC parent = com.st.microxplorer.plugins.ip.nvic.MultiNvicIntPanel[,0,0,0x0,invalid,layout=javax.swing.BoxLayout,alignmentX=0.0,alignmentY=0.0,border=,flags=9,maximumSize=,minimumSize=,preferredSize=]
2023-12-19 09:47:17,671 [INFO] NvicIntPanel:96 - NVIC parent = com.st.microxplorer.plugins.ip.nvic.MultiNvicIntPanel[,0,0,450x186,layout=javax.swing.BoxLayout,alignmentX=0.0,alignmentY=0.0,border=,flags=9,maximumSize=,minimumSize=,preferredSize=]
2023-12-19 09:49:18,055 [INFO] NvicIntPanel:96 - NVIC parent = com.st.microxplorer.plugins.ip.nvic.MultiNvicIntPanel[,0,0,450x186,layout=javax.swing.BoxLayout,alignmentX=0.0,alignmentY=0.0,border=,flags=9,maximumSize=,minimumSize=,preferredSize=]
2023-12-19 09:49:18,780 [INFO] NvicIntPanel:96 - NVIC parent = com.st.microxplorer.plugins.ip.nvic.MultiNvicIntPanel[,0,0,0x0,invalid,layout=javax.swing.BoxLayout,alignmentX=0.0,alignmentY=0.0,border=,flags=9,maximumSize=,minimumSize=,preferredSize=]
2023-12-19 09:49:18,846 [INFO] NvicIntPanel:96 - NVIC parent = com.st.microxplorer.plugins.ip.nvic.MultiNvicIntPanel[,0,0,0x0,invalid,layout=javax.swing.BoxLayout,alignmentX=0.0,alignmentY=0.0,border=,flags=9,maximumSize=,minimumSize=,preferredSize=]
2023-12-19 09:49:32,264 [INFO] ADCParametersView:103 -                Rank 1 : false
2023-12-19 09:50:04,226 [INFO] ADCParametersView:103 -                Rank 1 : false
2023-12-19 09:50:04,226 [INFO] ADCParametersView:103 -                Rank 1 : false
2023-12-19 09:50:04,227 [INFO] ADCParametersView:103 -                Rank 1 : false
2023-12-19 09:50:04,227 [INFO] ADCParametersView:103 -                Rank 1 : false
2023-12-19 09:50:04,227 [INFO] ADCParametersView:103 -                Rank 1 : false
2023-12-19 09:50:04,227 [INFO] ADCParametersView:103 -                Rank 1 : false
2023-12-19 09:50:04,227 [INFO] ADCParametersView:103 -                Rank 1 : false
2023-12-19 09:50:04,227 [INFO] ADCParametersView:103 -                Rank 1 : false
2023-12-19 09:50:04,227 [INFO] ADCParametersView:103 -                Rank 1 : false
2023-12-19 09:50:04,228 [INFO] ADCParametersView:103 -                Rank 1 : false
2023-12-19 09:50:04,235 [INFO] ADCParametersView:103 -                Rank 1 : false
2023-12-19 09:50:04,434 [INFO] ADCParametersView:103 -                Rank 1 : false
2023-12-19 09:50:04,434 [INFO] ADCParametersView:103 -                Rank 1 : false
2023-12-19 09:50:04,434 [INFO] ADCParametersView:103 -                Rank 1 : false
2023-12-19 09:50:04,435 [INFO] ADCParametersView:103 -                Rank 1 : false
2023-12-19 09:50:04,435 [INFO] ADCParametersView:103 -                Rank 1 : false
2023-12-19 09:50:04,435 [INFO] ADCParametersView:103 -                Rank 1 : false
2023-12-19 09:50:04,435 [INFO] ADCParametersView:103 -                Rank 1 : false
2023-12-19 09:50:04,435 [INFO] ADCParametersView:103 -                Rank 1 : false
2023-12-19 09:50:04,436 [INFO] ADCParametersView:103 -                Rank 1 : false
2023-12-19 09:50:04,436 [INFO] ADCParametersView:103 -                Rank 1 : false
2023-12-19 09:50:04,443 [INFO] ADCParametersView:103 -                Rank 1 : false
2023-12-19 09:50:24,093 [INFO] UtilMem:74 - End SaveConfig() Used Memory: 908820352 Bytes (1073741824)
2023-12-19 09:50:33,558 [INFO] ADCParametersView:103 -                Rank 1 : false
2023-12-19 09:50:33,561 [INFO] ADCParametersView:103 -                Rank 1 : false
2023-12-19 09:50:33,561 [INFO] ADCParametersView:103 -                Rank 1 : false
2023-12-19 09:50:33,561 [INFO] ADCParametersView:103 -                Rank 1 : false
2023-12-19 09:50:33,561 [INFO] ADCParametersView:103 -                Rank 1 : false
2023-12-19 09:50:33,561 [INFO] ADCParametersView:103 -                Rank 1 : false
2023-12-19 09:50:33,562 [INFO] ADCParametersView:103 -                Rank 1 : false
2023-12-19 09:50:33,562 [INFO] ADCParametersView:103 -                Rank 1 : false
2023-12-19 09:50:33,562 [INFO] ADCParametersView:103 -                Rank 1 : false
2023-12-19 09:50:33,562 [INFO] ADCParametersView:103 -                Rank 1 : false
2023-12-19 09:50:33,567 [INFO] ADCParametersView:103 -                Rank 1 : false
2023-12-19 09:50:36,429 [INFO] UtilMem:74 - End SaveConfig() Used Memory: 874015696 Bytes (1073741824)
2023-12-19 09:50:37,211 [INFO] UtilMem:74 - End SaveConfig() Used Memory: 893965920 Bytes (1073741824)
2023-12-19 09:50:39,106 [INFO] UtilMem:74 - End SaveConfig() Used Memory: 874046216 Bytes (1073741824)
2023-12-19 09:50:39,420 [INFO] BlockDiagram:2740 - set Specific Code input for plugin: NVIC
2023-12-19 09:50:39,421 [INFO] BlockDiagram:2740 - set Specific Code input for plugin: SYS
2023-12-19 09:50:39,421 [INFO] BlockDiagram:2740 - set Specific Code input for plugin: GPIO
2023-12-19 09:50:39,421 [INFO] BlockDiagram:2740 - set Specific Code input for plugin: ADC
2023-12-19 09:50:39,421 [INFO] BlockDiagram:2740 - set Specific Code input for plugin: USART
2023-12-19 09:50:39,421 [INFO] BlockDiagram:2740 - set Specific Code input for plugin: RCC
2023-12-19 09:50:39,421 [INFO] BlockDiagram:2740 - set Specific Code input for plugin: TIM1_8F1
2023-12-19 09:50:39,421 [INFO] CodeGenerator:663 - code generatio: config db path: C:\ST\STM32CubeIDE_1.7.0\STM32CubeIDE\plugins\com.st.stm32cube.common.mx_6.3.0.202107141111\\db\
2023-12-19 09:50:39,636 [INFO] CodeEngine:239 - oldGeneratedFile, D:\BACH KHOA\Semester 5\Vi Xu Ly\LAB5-2114026\STM32Code\LAB5\MXTmpFiles\license.tmp_save
2023-12-19 09:50:39,745 [INFO] CodeEngine:257 - Generated code: D:\BACH KHOA\Semester 5\Vi Xu Ly\LAB5-2114026\STM32Code\LAB5\MXTmpFiles\license.tmp
2023-12-19 09:50:39,796 [INFO] CodeEngine:239 - oldGeneratedFile, D:\BACH KHOA\Semester 5\Vi Xu Ly\LAB5-2114026\STM32Code\LAB5\MXTmpFiles\gpio.tmp_save
2023-12-19 09:50:39,850 [INFO] CodeEngine:257 - Generated code: D:\BACH KHOA\Semester 5\Vi Xu Ly\LAB5-2114026\STM32Code\LAB5\MXTmpFiles\gpio.tmp
2023-12-19 09:50:40,066 [INFO] CodeEngine:239 - oldGeneratedFile, D:\BACH KHOA\Semester 5\Vi Xu Ly\LAB5-2114026\STM32Code\LAB5\Core\Src\stm32f1xx_it.c_save
2023-12-19 09:50:40,188 [INFO] CodeEngine:257 - Generated code: D:\BACH KHOA\Semester 5\Vi Xu Ly\LAB5-2114026\STM32Code\LAB5\Core\Src\stm32f1xx_it.c
2023-12-19 09:50:40,224 [INFO] CodeEngine:239 - oldGeneratedFile, D:\BACH KHOA\Semester 5\Vi Xu Ly\LAB5-2114026\STM32Code\LAB5\Core\Inc\stm32f1xx_it.h_save
2023-12-19 09:50:40,311 [INFO] CodeEngine:257 - Generated code: D:\BACH KHOA\Semester 5\Vi Xu Ly\LAB5-2114026\STM32Code\LAB5\Core\Inc\stm32f1xx_it.h
2023-12-19 09:50:40,328 [INFO] CodeEngine:239 - oldGeneratedFile, D:\BACH KHOA\Semester 5\Vi Xu Ly\LAB5-2114026\STM32Code\LAB5\Core\Src\stm32f1xx_hal_msp.c_save
2023-12-19 09:50:40,432 [INFO] CodeEngine:257 - Generated code: D:\BACH KHOA\Semester 5\Vi Xu Ly\LAB5-2114026\STM32Code\LAB5\Core\Src\stm32f1xx_hal_msp.c
2023-12-19 09:50:40,439 [INFO] CodeEngine:239 - oldGeneratedFile, D:\BACH KHOA\Semester 5\Vi Xu Ly\LAB5-2114026\STM32Code\LAB5\MXTmpFiles\system.tmp_save
2023-12-19 09:50:40,485 [INFO] CodeEngine:257 - Generated code: D:\BACH KHOA\Semester 5\Vi Xu Ly\LAB5-2114026\STM32Code\LAB5\MXTmpFiles\system.tmp
2023-12-19 09:50:40,501 [INFO] CodeEngine:239 - oldGeneratedFile, D:\BACH KHOA\Semester 5\Vi Xu Ly\LAB5-2114026\STM32Code\LAB5\Core\Inc\stm32f1xx_hal_conf.h_save
2023-12-19 09:50:40,570 [INFO] CodeEngine:257 - Generated code: D:\BACH KHOA\Semester 5\Vi Xu Ly\LAB5-2114026\STM32Code\LAB5\Core\Inc\stm32f1xx_hal_conf.h
2023-12-19 09:50:40,589 [WARN] IPConfigManager:3148 - IP not found : TIM
2023-12-19 09:50:40,590 [WARN] CodeGenerator:3268 - IP not found : null
2023-12-19 09:50:40,604 [INFO] CodeEngine:239 - oldGeneratedFile, D:\BACH KHOA\Semester 5\Vi Xu Ly\LAB5-2114026\STM32Code\LAB5\Core\Inc\main.h_save
2023-12-19 09:50:40,671 [INFO] CodeEngine:257 - Generated code: D:\BACH KHOA\Semester 5\Vi Xu Ly\LAB5-2114026\STM32Code\LAB5\Core\Inc\main.h
2023-12-19 09:50:40,685 [INFO] CodeEngine:239 - oldGeneratedFile, D:\BACH KHOA\Semester 5\Vi Xu Ly\LAB5-2114026\STM32Code\LAB5\Core\Src\main.c_save
2023-12-19 09:50:40,798 [INFO] CodeEngine:257 - Generated code: D:\BACH KHOA\Semester 5\Vi Xu Ly\LAB5-2114026\STM32Code\LAB5\Core\Src\main.c
2023-12-19 09:50:41,409 [INFO] ProjectBuilder:2578 - Time for Copy HAL[1] : 53mS.
2023-12-19 09:50:41,411 [INFO] ProjectBuilder:3622 - Project Generator version: 3.14.1
2023-12-19 09:50:42,175 [INFO] ConfigFileManager:1271 - The Die is : DIE412
2023-12-19 09:50:43,723 [INFO] ProjectBuilder:3789 - Time for Generating toolchain IDE Files: 2312mS.
2023-12-19 09:50:43,724 [INFO] ProjectBuilder:2457 - Time for Copy CMSIS : 0mS.
2023-12-19 09:50:43,725 [INFO] ProjectBuilder:2457 - Time for Copy CMSIS : 0mS.
